#
# A fatal error has been detected by the Java Runtime Environment:
#
#  SIGBUS (0x7) at pc=0x00007f614423511b, pid=7335, tid=7338
#
# JRE version: OpenJDK Runtime Environment Temurin-17.0.6+10 (17.0.6+10) (build 17.0.6+10)
# Java VM: OpenJDK 64-Bit Server VM Temurin-17.0.6+10 (17.0.6+10, mixed mode, tiered, compressed oops, compressed class ptrs, parallel gc, linux-amd64)
# Problematic frame:
# C  [ld-linux-x86-64.so.2+0x1111b]
#
# Core dump will be written. Default location: Core dumps may be processed with "/usr/share/apport/apport -p%p -s%s -c%c -d%d -P%P -u%u -g%g -- %E" (or dumping to /home/czq841/code/pro/SmartRingRN/core.7335)
#
# If you would like to submit a bug report, please visit:
#   https://github.com/adoptium/adoptium-support/issues
#

---------------  S U M M A R Y ------------

Command Line: --add-modules=ALL-SYSTEM --add-opens=java.base/java.util=ALL-UNNAMED --add-opens=java.base/java.lang=ALL-UNNAMED --add-opens=java.base/sun.nio.fs=ALL-UNNAMED -Declipse.application=org.eclipse.jdt.ls.core.id1 -Dosgi.bundles.defaultStartLevel=4 -Declipse.product=org.eclipse.jdt.ls.core.product -Djava.import.generatesMetadataFilesAtProjectRoot=false -Dfile.encoding=utf8 -XX:+UseParallelGC -XX:GCTimeRatio=4 -XX:AdaptiveSizePolicyWeight=90 -Dsun.zip.disableMemoryMapping=true -Xmx1G -Xms100m -Xlog:disable -javaagent:/home/czq841/.vscode/extensions/redhat.java-1.15.0-linux-x64/lombok/lombok-1.18.24.jar -XX:+HeapDumpOnOutOfMemoryError -XX:HeapDumpPath=/home/czq841/.config/Code/User/workspaceStorage/367d79030446cc927936b1068b4ee1aa/redhat.java /home/czq841/.vscode/extensions/redhat.java-1.15.0-linux-x64/server/plugins/org.eclipse.equinox.launcher_1.6.400.v20210924-0641.jar -configuration /home/czq841/.config/Code/User/globalStorage/redhat.java/1.15.0/config_linux -data /home/czq841/.config/Code/User/workspaceStorage/367d79030446cc927936b1068b4ee1aa/redhat.java/jdt_ws

Host: Intel(R) Xeon(R) CPU           E5645  @ 2.40GHz, 24 cores, 15G, Ubuntu 20.04.5 LTS
Time: Mon Sep 18 23:55:04 2023 CST elapsed time: 53828.296626 seconds (0d 14h 57m 8s)

---------------  T H R E A D  ---------------

Current thread (0x00007f613c3215e0):  VMThread "VM Thread" [stack: 0x00007f6121fe1000,0x00007f61220e1000] [id=7338]

Stack: [0x00007f6121fe1000,0x00007f61220e1000],  sp=0x00007f61220df520,  free space=1017k
Native frames: (J=compiled Java code, j=interpreted, Vv=VM code, C=native code)
C  [ld-linux-x86-64.so.2+0x1111b]
C  [ld-linux-x86-64.so.2+0x11f6b]


siginfo: si_signo: 7 (SIGBUS), si_code: 2 (BUS_ADRERR), si_addr: 0x00007f60db4ed9ed

Register to memory mapping:

RAX=
[error occurred during error reporting (printing register info), id 0x7, SIGBUS (0x7) at pc=0x00007f6144120530]

Registers:
RAX=0x00007f60db4ed000, RBX=0x00007f60db6fd328, RCX=0x0000000000000038, RDX=0x00007f60db4ed9e8
RSP=0x00007f61220df520, RBP=0x00007f61220df7a0, RSI=0x0000003800000007, RDI=0x00007f60db4ee288
R8 =0x00007f60db4f0ad0, R9 =0x00007f61220df6f2, R10=0x00007f613c7090c0, R11=0x0000000000000001
R12=0x0000000000000000, R13=0x00007f61220df808, R14=0x00007f60db6fcd58, R15=0x00007f613c7090c0
RIP=0x00007f614423511b, EFLAGS=0x0000000000010246, CSGSFS=0x002b000000000033, ERR=0x0000000000000004
  TRAPNO=0x000000000000000e

Top of Stack: (sp=0x00007f61220df520)
0x00007f61220df520:   00007f611c001f50 00007f60db4ed9e8
0x00007f61220df530:   00007f61220df780 00007f614423cab7
0x00007f61220df540:   0000000000000000 0000000000000000
0x00007f61220df550:   0000000000000001 00007f60db6fcd58 

Instructions: (pc=0x00007f614423511b)
0x00007f614423501b:   89 38 48 89 78 10 48 c7 40 18 00 00 00 00 e8 52
0x00007f614423502b:   23 01 00 48 8b 5d 90 c6 00 2f 48 8b 45 a8 48 c7
0x00007f614423503b:   00 02 00 00 00 49 8b 46 08 48 89 03 e9 b4 fd ff
0x00007f614423504b:   ff 49 83 fc 03 0f 85 1c fb ff ff be 03 00 00 00
0x00007f614423505b:   e9 3a fb ff ff 4c 8d 62 01 e9 ad f7 ff ff 48 83
0x00007f614423506b:   6d b0 01 4c 89 d1 e9 8f f9 ff ff be 01 00 00 00
0x00007f614423507b:   bf 02 00 00 00 e9 93 fa ff ff 4c 89 f0 b9 01 00
0x00007f614423508b:   00 00 e9 f4 fd ff ff 48 8d 0d 67 7a 01 00 ba cc
0x00007f614423509b:   00 00 00 48 8d 35 12 47 01 00 48 8d 3d 17 47 01
0x00007f61442350ab:   00 e8 df c6 00 00 66 2e 0f 1f 84 00 00 00 00 00
0x00007f61442350bb:   0f 1f 44 00 00 f3 0f 1e fa 53 49 89 fa 89 f6 48
0x00007f61442350cb:   8d 14 76 48 83 ec 10 48 8b 47 68 48 8b 78 08 49
0x00007f61442350db:   8b 82 f8 00 00 00 48 8b 40 08 4c 8d 04 d0 49 8b
0x00007f61442350eb:   42 70 49 8b 70 08 49 8b 18 48 8b 40 08 48 89 f1
0x00007f61442350fb:   48 c1 e9 20 48 8d 14 49 48 8d 14 d0 49 8b 02 48
0x00007f614423510b:   89 54 24 08 48 01 c3 83 fe 07 0f 85 43 01 00 00
0x00007f614423511b:   f6 42 05 03 0f 85 db 00 00 00 4d 8b 82 d0 01 00
0x00007f614423512b:   00 4d 85 c0 74 2c 49 8b 40 08 0f b7 04 48 25 ff
0x00007f614423513b:   7f 00 00 48 8d 0c 40 49 8b 82 e8 02 00 00 4c 8d
0x00007f614423514b:   04 c8 b8 00 00 00 00 45 8b 48 08 45 85 c9 4c 0f
0x00007f614423515b:   44 c0 64 8b 0c 25 18 00 00 00 b8 01 00 00 00 85
0x00007f614423516b:   c9 0f 85 d6 00 00 00 8b 12 4c 8d 5c 24 08 41 b9
0x00007f614423517b:   01 00 00 00 4c 89 d6 49 8b 8a 90 03 00 00 6a 00
0x00007f614423518b:   50 48 01 d7 4c 89 da e8 39 af ff ff 49 89 c0 64
0x00007f614423519b:   8b 04 25 18 00 00 00 59 5e 85 c0 75 68 48 8b 54
0x00007f61442351ab:   24 08 31 c0 48 85 d2 74 1f 66 83 7a 06 f1 74 35
0x00007f61442351bb:   4d 85 c0 74 30 49 8b 00 48 03 42 08 0f b6 52 04
0x00007f61442351cb:   83 e2 0f 80 fa 0a 74 25 8b 15 8f c4 01 00 85 d2
0x00007f61442351db:   75 03 48 89 03 48 83 c4 10 5b c3 66 2e 0f 1f 84
0x00007f61442351eb:   00 00 00 00 00 31 c0 eb cf 0f 1f 40 00 ff d0 eb
0x00007f61442351fb:   d7 0f 1f 40 00 66 83 7a 06 f1 b9 00 00 00 00 48
0x00007f614423520b:   0f 44 c1 eb b3 31 c0 64 87 04 25 1c 00 00 00 83 


Stack slot to memory mapping:
stack at sp + 0 slots: 0x00007f611c001f50 points into unknown readable memory: 0x00007f611c001b50 | 50 1b 00 1c 61 7f 00 00
stack at sp + 1 slots: 
[error occurred during error reporting (inspecting top of stack), id 0x7, SIGBUS (0x7) at pc=0x00007f6144120530]

VM_Operation (0x00007f60d93fe470): Exit, mode: safepoint, requested by thread 0x00007f6058009f40


---------------  P R O C E S S  ---------------

Threads class SMR info:
_java_thread_list=0x00007f6078a11570, length=23, elements={
0x00007f613c027990, 0x00007f613c331250, 0x00007f613c3327c0, 0x00007f613c359c60,
0x00007f613c35d550, 0x00007f613c35e4c0, 0x00007f613c35fb40, 0x00007f613c361040,
0x00007f613c362480, 0x00007f613c3d7fb0, 0x00007f613c4bea70, 0x00007f613c6af3c0,
0x00007f613c704d70, 0x00007f613c7078f0, 0x00007f60b80331c0, 0x00007f60b8290680,
0x00007f608c03a4a0, 0x00007f60b8998ea0, 0x00007f613c5b5820, 0x00007f6054000e70,
0x00007f60380a89f0, 0x00007f610c000d30, 0x00007f6058009f40
}

Java Threads: ( => current thread )
  0x00007f613c027990 JavaThread "main" [_thread_blocked, id=7336, stack(0x00007f6142a22000,0x00007f6142b23000)]
  0x00007f613c331250 JavaThread "Reference Handler" daemon [_thread_blocked, id=7339, stack(0x00007f6121ede000,0x00007f6121fdf000)]
  0x00007f613c3327c0 JavaThread "Finalizer" daemon [_thread_blocked, id=7340, stack(0x00007f6121ddd000,0x00007f6121ede000)]
  0x00007f613c359c60 JavaThread "Signal Dispatcher" daemon [_thread_blocked, id=7341, stack(0x00007f612146b000,0x00007f612156c000)]
  0x00007f613c35d550 JavaThread "Service Thread" daemon [_thread_blocked, id=7342, stack(0x00007f612136a000,0x00007f612146b000)]
  0x00007f613c35e4c0 JavaThread "Monitor Deflation Thread" daemon [_thread_blocked, id=7343, stack(0x00007f6121269000,0x00007f612136a000)]
  0x00007f613c35fb40 JavaThread "C2 CompilerThread0" daemon [_thread_blocked, id=7344, stack(0x00007f6121168000,0x00007f6121269000)]
  0x00007f613c361040 JavaThread "C1 CompilerThread0" daemon [_thread_blocked, id=7345, stack(0x00007f6121067000,0x00007f6121168000)]
  0x00007f613c362480 JavaThread "Sweeper thread" daemon [_thread_blocked, id=7346, stack(0x00007f6120f66000,0x00007f6121067000)]
  0x00007f613c3d7fb0 JavaThread "Common-Cleaner" daemon [_thread_blocked, id=7351, stack(0x00007f6120e65000,0x00007f6120f66000)]
  0x00007f613c4bea70 JavaThread "Notification Thread" daemon [_thread_blocked, id=7357, stack(0x00007f612085f000,0x00007f6120960000)]
  0x00007f613c6af3c0 JavaThread "Active Thread: Equinox Container: cda0c2a6-6a05-48ef-bd0b-ea39cca72e89" [_thread_blocked, id=7386, stack(0x00007f6120152000,0x00007f6120253000)]
  0x00007f613c704d70 JavaThread "Framework Event Dispatcher: Equinox Container: cda0c2a6-6a05-48ef-bd0b-ea39cca72e89" daemon [_thread_blocked, id=7389, stack(0x00007f6120051000,0x00007f6120152000)]
  0x00007f613c7078f0 JavaThread "Start Level: Equinox Container: cda0c2a6-6a05-48ef-bd0b-ea39cca72e89" daemon [_thread_blocked, id=7390, stack(0x00007f60db6ff000,0x00007f60db800000)]
  0x00007f60b80331c0 JavaThread "SCR Component Actor" daemon [_thread_blocked, id=7391, stack(0x00007f60db3ec000,0x00007f60db4ed000)]
  0x00007f60b8290680 JavaThread "Worker-JM" [_thread_blocked, id=7400, stack(0x00007f6120c63000,0x00007f6120d64000)]
  0x00007f608c03a4a0 JavaThread "Worker-2" [_thread_blocked, id=7422, stack(0x00007f60da1f7000,0x00007f60da2f8000)]
  0x00007f60b8998ea0 JavaThread "Java indexing" daemon [_thread_blocked, id=7438, stack(0x00007f60d8efa000,0x00007f60d8ffb000)]
  0x00007f613c5b5820 JavaThread "pool-2-thread-1" [_thread_blocked, id=7445, stack(0x00007f60d8df9000,0x00007f60d8efa000)]
  0x00007f6054000e70 JavaThread "Worker-4" [_thread_blocked, id=7446, stack(0x00007f60d8cf8000,0x00007f60d8df9000)]
  0x00007f60380a89f0 JavaThread "Timer-0" [_thread_blocked, id=7470, stack(0x00007f60da0f6000,0x00007f60da1f7000)]
  0x00007f610c000d30 JavaThread "Attach Listener" daemon [_thread_blocked, id=8189, stack(0x00007f6120b62000,0x00007f6120c63000)]
  0x00007f6058009f40 JavaThread "pool-4-thread-1" [_thread_blocked, id=270376, stack(0x00007f60d92ff000,0x00007f60d9400000)]

Other Threads:
=>0x00007f613c3215e0 VMThread "VM Thread" [stack: 0x00007f6121fe1000,0x00007f61220e1000] [id=7338]
  0x00007f613c03e650 GCTaskThread "GC Thread#0" [stack: 0x00007f61424db000,0x00007f61425db000] [id=7337]
  0x00007f611c001150 GCTaskThread "GC Thread#1" [stack: 0x00007f612065d000,0x00007f612075d000] [id=7365]
  0x00007f611c003170 GCTaskThread "GC Thread#2" [stack: 0x00007f612055b000,0x00007f612065b000] [id=7366]
  0x00007f611c003b70 GCTaskThread "GC Thread#3" [stack: 0x00007f6120459000,0x00007f6120559000] [id=7367]
  0x00007f611c004570 GCTaskThread "GC Thread#4" [stack: 0x00007f6120357000,0x00007f6120457000] [id=7368]
  0x00007f611c004f90 GCTaskThread "GC Thread#5" [stack: 0x00007f6120255000,0x00007f6120355000] [id=7369]
  0x00007f611c005ed0 GCTaskThread "GC Thread#6" [stack: 0x00007f60db2ec000,0x00007f60db3ec000] [id=7393]
  0x00007f611c006560 GCTaskThread "GC Thread#7" [stack: 0x00007f60db1ea000,0x00007f60db2ea000] [id=7394]
  0x00007f611c0072b0 GCTaskThread "GC Thread#8" [stack: 0x00007f60db0e8000,0x00007f60db1e8000] [id=7401]
  0x00007f611c007ba0 GCTaskThread "GC Thread#9" [stack: 0x00007f60da700000,0x00007f60da800000] [id=7402]
  0x00007f611c008550 GCTaskThread "GC Thread#10" [stack: 0x00007f60da5fe000,0x00007f60da6fe000] [id=7403]
  0x00007f611c008f00 GCTaskThread "GC Thread#11" [stack: 0x00007f60da4fc000,0x00007f60da5fc000] [id=7404]
  0x00007f611c00bb80 GCTaskThread "GC Thread#12" [stack: 0x00007f60d9ef5000,0x00007f60d9ff5000] [id=7430]
  0x00007f611c00c190 GCTaskThread "GC Thread#13" [stack: 0x00007f60d9df3000,0x00007f60d9ef3000] [id=7431]
  0x00007f611c00ca70 GCTaskThread "GC Thread#14" [stack: 0x00007f60d9cf1000,0x00007f60d9df1000] [id=7433]
  0x00007f611c00d880 GCTaskThread "GC Thread#15" [stack: 0x00007f60d91ff000,0x00007f60d92ff000] [id=7435]
  0x00007f611c00e580 GCTaskThread "GC Thread#16" [stack: 0x00007f60d8afd000,0x00007f60d8bfd000] [id=7439]
  0x00007f611c00ee40 GCTaskThread "GC Thread#17" [stack: 0x00007f60d89fb000,0x00007f60d8afb000] [id=7440]

Threads with active compile tasks:

VM state: at safepoint (shutting down)

VM Mutex/Monitor currently owned by a thread:  ([mutex/lock_event])
[0x00007f613c0240d0] Threads_lock - owner thread: 0x00007f613c3215e0
[0x00007f613c024880] Heap_lock - owner thread: 0x00007f6058009f40

Heap address: 0x00000000c0000000, size: 1024 MB, Compressed Oops mode: 32-bit

CDS archive(s) not mapped
Compressed class space mapped at: 0x0000000100000000-0x0000000140000000, reserved size: 1073741824
Narrow klass base: 0x0000000000000000, Narrow klass shift: 3, Narrow klass range: 0x140000000

GC Precious Log:
 CPUs: 24 total, 24 available
 Memory: 16002M
 Large Page Support: Disabled
 NUMA Support: Disabled
 Compressed Oops: Enabled (32-bit)
 Alignments: Space 512K, Generation 512K, Heap 2M
 Heap Min Capacity: 100M
 Heap Initial Capacity: 100M
 Heap Max Capacity: 1G
 Pre-touch: Disabled
 Parallel Workers: 18

Heap:
 PSYoungGen      total 14848K, used 11271K [0x00000000eab00000, 0x00000000ebd80000, 0x0000000100000000)
  eden space 13312K, 80% used [0x00000000eab00000,0x00000000eb579e50,0x00000000eb800000)
  from space 1536K, 35% used [0x00000000eba80000,0x00000000ebb08000,0x00000000ebc00000)
  to   space 1024K, 0% used [0x00000000ebc80000,0x00000000ebc80000,0x00000000ebd80000)
 ParOldGen       total 68608K, used 54422K [0x00000000c0000000, 0x00000000c4300000, 0x00000000eab00000)
  object space 68608K, 79% used [0x00000000c0000000,0x00000000c35258f0,0x00000000c4300000)
 Metaspace       used 66111K, committed 67072K, reserved 1114112K
  class space    used 7591K, committed 8000K, reserved 1048576K

Card table byte_map: [0x00007f61425db000,0x00007f61427dc000] _byte_map_base: 0x00007f6141fdb000

Marking Bits: (ParMarkBitMap*) 0x00007f6143f96780
 Begin Bits: [0x00007f6140383000, 0x00007f6141383000)
 End Bits:   [0x00007f6141383000, 0x00007f6142383000)

Polling page: 0x00007f6144220000

Metaspace:

Usage:
  Non-class:     57.15 MB used.
      Class:      7.41 MB used.
       Both:     64.56 MB used.

Virtual space:
  Non-class space:       64.00 MB reserved,      57.69 MB ( 90%) committed,  8 nodes.
      Class space:        1.00 GB reserved,       7.81 MB ( <1%) committed,  1 nodes.
             Both:        1.06 GB reserved,      65.50 MB (  6%) committed. 

Chunk freelists:
   Non-Class:  1.67 MB
       Class:  208.00 KB
        Both:  1.88 MB

MaxMetaspaceSize: unlimited
CompressedClassSpaceSize: 1.00 GB
Initial GC threshold: 21.00 MB
Current GC threshold: 98.12 MB
CDS: off
MetaspaceReclaimPolicy: balanced
 - commit_granule_bytes: 65536.
 - commit_granule_words: 8192.
 - virtual_space_node_default_size: 1048576.
 - enlarge_chunks_in_place: 1.
 - new_chunks_are_fully_committed: 0.
 - uncommit_free_chunks: 1.
 - use_allocation_guard: 0.
 - handle_deallocations: 1.


Internal statistics:

num_allocs_failed_limit: 13.
num_arena_births: 540.
num_arena_deaths: 14.
num_vsnodes_births: 9.
num_vsnodes_deaths: 0.
num_space_committed: 1048.
num_space_uncommitted: 0.
num_chunks_returned_to_freelist: 27.
num_chunks_taken_from_freelist: 2856.
num_chunk_merges: 17.
num_chunk_splits: 1866.
num_chunks_enlarged: 1180.
num_purges: 2.
num_inconsistent_stats: 0.

CodeHeap 'non-profiled nmethods': size=119168Kb used=6609Kb max_used=6609Kb free=112558Kb
 bounds [0x00007f6131f8c000, 0x00007f613260c000, 0x00007f61393ec000]
CodeHeap 'profiled nmethods': size=119164Kb used=15221Kb max_used=15221Kb free=103942Kb
 bounds [0x00007f612a3ec000, 0x00007f612b2cc000, 0x00007f613184b000]
CodeHeap 'non-nmethods': size=7428Kb used=1336Kb max_used=3098Kb free=6091Kb
 bounds [0x00007f613184b000, 0x00007f6131b5b000, 0x00007f6131f8c000]
 total_blobs=8422 nmethods=7745 adapters=593
 compilation: enabled
              stopped_count=0, restarted_count=0
 full_count=0

Compilation events (20 events):
Event: 53768.318 Thread 0x00007f60fc31d200 nmethod 9245 0x00007f612b2c6410 code [0x00007f612b2c65c0, 0x00007f612b2c6780]
Event: 53768.318 Thread 0x00007f60fc31ea10 nmethod 9241 0x00007f612b2c6890 code [0x00007f612b2c6a80, 0x00007f612b2c6f40]
Event: 53768.318 Thread 0x00007f60fc31ea10 9248       3       java.util.stream.IntPipeline::filter (22 bytes)
Event: 53768.318 Thread 0x00007f60fc31de30 nmethod 9242 0x00007f612b2c7190 code [0x00007f612b2c7360, 0x00007f612b2c7670]
Event: 53768.318 Thread 0x00007f60fc31de30 9228       3       java.lang.StringLatin1$CharsSpliterator::tryAdvance (60 bytes)
Event: 53768.318 Thread 0x00007f60fc31d200 9227       3       java.lang.StringLatin1$CharsSpliterator::estimateSize (11 bytes)
Event: 53768.318 Thread 0x00007f613c361040 nmethod 9244 0x00007f612b2c7790 code [0x00007f612b2c7960, 0x00007f612b2c7e10]
Event: 53768.318 Thread 0x00007f613c361040 9246       1       java.text.DecimalFormatSymbols::getZeroDigit (5 bytes)
Event: 53768.318 Thread 0x00007f60fc31d200 nmethod 9227 0x00007f612b2c7f90 code [0x00007f612b2c8120, 0x00007f612b2c8230]
Event: 53768.318 Thread 0x00007f60fc31d200 9247       1       jdk.internal.math.FloatingDecimal$BinaryToASCIIBuffer::setSign (6 bytes)
Event: 53768.318 Thread 0x00007f60fc31de30 nmethod 9228 0x00007f612b2c8290 code [0x00007f612b2c8460, 0x00007f612b2c8810]
Event: 53768.318 Thread 0x00007f613c361040 nmethod 9246 0x00007f61325ff590 code [0x00007f61325ff720, 0x00007f61325ff7f0]
Event: 53768.318 Thread 0x00007f60fc31d200 nmethod 9247 0x00007f61325ff890 code [0x00007f61325ffa20, 0x00007f61325ffaf0]
Event: 53768.319 Thread 0x00007f60fc31ea10 nmethod 9248 0x00007f612b2c8990 code [0x00007f612b2c8b80, 0x00007f612b2c9010]
Event: 53791.911 Thread 0x00007f613c35fb40 9249       4       java.util.concurrent.locks.AbstractQueuedSynchronizer$ConditionObject::enableWait (84 bytes)
Event: 53791.915 Thread 0x00007f613c35fb40 nmethod 9249 0x00007f61325ffb90 code [0x00007f61325ffd40, 0x00007f61325fff88]
Event: 53828.273 Thread 0x00007f613c361040 9250       1       org.eclipse.osgi.internal.log.ExtendedLogEntryImpl::getContext (5 bytes)
Event: 53828.274 Thread 0x00007f613c361040 nmethod 9250 0x00007f6132600210 code [0x00007f61326003a0, 0x00007f6132600470]
Event: 53828.274 Thread 0x00007f613c361040 9251       3       java.lang.StringCoding::implEncodeAsciiArray (47 bytes)
Event: 53828.274 Thread 0x00007f613c361040 nmethod 9251 0x00007f612b2c9210 code [0x00007f612b2c93c0, 0x00007f612b2c9610]

GC Heap History (20 events):
Event: 84.299 GC heap before
{Heap before GC invocations=63 (full 3):
 PSYoungGen      total 14336K, used 13536K [0x00000000eab00000, 0x00000000ebe00000, 0x0000000100000000)
  eden space 13312K, 100% used [0x00000000eab00000,0x00000000eb800000,0x00000000eb800000)
  from space 1024K, 21% used [0x00000000ebc00000,0x00000000ebc38000,0x00000000ebd00000)
  to   space 512K, 0% used [0x00000000ebd80000,0x00000000ebd80000,0x00000000ebe00000)
 ParOldGen       total 68608K, used 52209K [0x00000000c0000000, 0x00000000c4300000, 0x00000000eab00000)
  object space 68608K, 76% used [0x00000000c0000000,0x00000000c32fc618,0x00000000c4300000)
 Metaspace       used 62114K, committed 62976K, reserved 1105920K
  class space    used 7206K, committed 7616K, reserved 1048576K
}
Event: 84.300 GC heap after
{Heap after GC invocations=63 (full 3):
 PSYoungGen      total 13824K, used 224K [0x00000000eab00000, 0x00000000ebe00000, 0x0000000100000000)
  eden space 13312K, 0% used [0x00000000eab00000,0x00000000eab00000,0x00000000eb800000)
  from space 512K, 43% used [0x00000000ebd80000,0x00000000ebdb8000,0x00000000ebe00000)
  to   space 512K, 0% used [0x00000000ebd00000,0x00000000ebd00000,0x00000000ebd80000)
 ParOldGen       total 68608K, used 52209K [0x00000000c0000000, 0x00000000c4300000, 0x00000000eab00000)
  object space 68608K, 76% used [0x00000000c0000000,0x00000000c32fc618,0x00000000c4300000)
 Metaspace       used 62114K, committed 62976K, reserved 1105920K
  class space    used 7206K, committed 7616K, reserved 1048576K
}
Event: 84.337 GC heap before
{Heap before GC invocations=64 (full 3):
 PSYoungGen      total 13824K, used 13536K [0x00000000eab00000, 0x00000000ebe00000, 0x0000000100000000)
  eden space 13312K, 100% used [0x00000000eab00000,0x00000000eb800000,0x00000000eb800000)
  from space 512K, 43% used [0x00000000ebd80000,0x00000000ebdb8000,0x00000000ebe00000)
  to   space 512K, 0% used [0x00000000ebd00000,0x00000000ebd00000,0x00000000ebd80000)
 ParOldGen       total 68608K, used 52209K [0x00000000c0000000, 0x00000000c4300000, 0x00000000eab00000)
  object space 68608K, 76% used [0x00000000c0000000,0x00000000c32fc618,0x00000000c4300000)
 Metaspace       used 62116K, committed 62976K, reserved 1105920K
  class space    used 7206K, committed 7616K, reserved 1048576K
}
Event: 84.338 GC heap after
{Heap after GC invocations=64 (full 3):
 PSYoungGen      total 13824K, used 512K [0x00000000eab00000, 0x00000000ebe00000, 0x0000000100000000)
  eden space 13312K, 0% used [0x00000000eab00000,0x00000000eab00000,0x00000000eb800000)
  from space 512K, 100% used [0x00000000ebd00000,0x00000000ebd80000,0x00000000ebd80000)
  to   space 512K, 0% used [0x00000000ebd80000,0x00000000ebd80000,0x00000000ebe00000)
 ParOldGen       total 68608K, used 52209K [0x00000000c0000000, 0x00000000c4300000, 0x00000000eab00000)
  object space 68608K, 76% used [0x00000000c0000000,0x00000000c32fc618,0x00000000c4300000)
 Metaspace       used 62116K, committed 62976K, reserved 1105920K
  class space    used 7206K, committed 7616K, reserved 1048576K
}
Event: 84.369 GC heap before
{Heap before GC invocations=65 (full 3):
 PSYoungGen      total 13824K, used 13824K [0x00000000eab00000, 0x00000000ebe00000, 0x0000000100000000)
  eden space 13312K, 100% used [0x00000000eab00000,0x00000000eb800000,0x00000000eb800000)
  from space 512K, 100% used [0x00000000ebd00000,0x00000000ebd80000,0x00000000ebd80000)
  to   space 512K, 0% used [0x00000000ebd80000,0x00000000ebd80000,0x00000000ebe00000)
 ParOldGen       total 68608K, used 52209K [0x00000000c0000000, 0x00000000c4300000, 0x00000000eab00000)
  object space 68608K, 76% used [0x00000000c0000000,0x00000000c32fc618,0x00000000c4300000)
 Metaspace       used 62116K, committed 62976K, reserved 1105920K
  class space    used 7206K, committed 7616K, reserved 1048576K
}
Event: 84.370 GC heap after
{Heap after GC invocations=65 (full 3):
 PSYoungGen      total 13824K, used 128K [0x00000000eab00000, 0x00000000ebe00000, 0x0000000100000000)
  eden space 13312K, 0% used [0x00000000eab00000,0x00000000eab00000,0x00000000eb800000)
  from space 512K, 25% used [0x00000000ebd80000,0x00000000ebda0000,0x00000000ebe00000)
  to   space 512K, 0% used [0x00000000ebd00000,0x00000000ebd00000,0x00000000ebd80000)
 ParOldGen       total 68608K, used 52321K [0x00000000c0000000, 0x00000000c4300000, 0x00000000eab00000)
  object space 68608K, 76% used [0x00000000c0000000,0x00000000c3318618,0x00000000c4300000)
 Metaspace       used 62116K, committed 62976K, reserved 1105920K
  class space    used 7206K, committed 7616K, reserved 1048576K
}
Event: 84.805 GC heap before
{Heap before GC invocations=66 (full 3):
 PSYoungGen      total 13824K, used 11580K [0x00000000eab00000, 0x00000000ebe00000, 0x0000000100000000)
  eden space 13312K, 86% used [0x00000000eab00000,0x00000000eb62f3e0,0x00000000eb800000)
  from space 512K, 25% used [0x00000000ebd80000,0x00000000ebda0000,0x00000000ebe00000)
  to   space 512K, 0% used [0x00000000ebd00000,0x00000000ebd00000,0x00000000ebd80000)
 ParOldGen       total 68608K, used 52321K [0x00000000c0000000, 0x00000000c4300000, 0x00000000eab00000)
  object space 68608K, 76% used [0x00000000c0000000,0x00000000c3318618,0x00000000c4300000)
 Metaspace       used 62284K, committed 63232K, reserved 1105920K
  class space    used 7227K, committed 7680K, reserved 1048576K
}
Event: 84.807 GC heap after
{Heap after GC invocations=66 (full 3):
 PSYoungGen      total 13824K, used 512K [0x00000000eab00000, 0x00000000ebe00000, 0x0000000100000000)
  eden space 13312K, 0% used [0x00000000eab00000,0x00000000eab00000,0x00000000eb800000)
  from space 512K, 100% used [0x00000000ebd00000,0x00000000ebd80000,0x00000000ebd80000)
  to   space 512K, 0% used [0x00000000ebd80000,0x00000000ebd80000,0x00000000ebe00000)
 ParOldGen       total 68608K, used 52345K [0x00000000c0000000, 0x00000000c4300000, 0x00000000eab00000)
  object space 68608K, 76% used [0x00000000c0000000,0x00000000c331e618,0x00000000c4300000)
 Metaspace       used 62284K, committed 63232K, reserved 1105920K
  class space    used 7227K, committed 7680K, reserved 1048576K
}
Event: 85.053 GC heap before
{Heap before GC invocations=67 (full 3):
 PSYoungGen      total 13824K, used 13824K [0x00000000eab00000, 0x00000000ebe00000, 0x0000000100000000)
  eden space 13312K, 100% used [0x00000000eab00000,0x00000000eb800000,0x00000000eb800000)
  from space 512K, 100% used [0x00000000ebd00000,0x00000000ebd80000,0x00000000ebd80000)
  to   space 512K, 0% used [0x00000000ebd80000,0x00000000ebd80000,0x00000000ebe00000)
 ParOldGen       total 68608K, used 52345K [0x00000000c0000000, 0x00000000c4300000, 0x00000000eab00000)
  object space 68608K, 76% used [0x00000000c0000000,0x00000000c331e618,0x00000000c4300000)
 Metaspace       used 62641K, committed 63552K, reserved 1105920K
  class space    used 7261K, committed 7680K, reserved 1048576K
}
Event: 85.056 GC heap after
{Heap after GC invocations=67 (full 3):
 PSYoungGen      total 13824K, used 512K [0x00000000eab00000, 0x00000000ebe00000, 0x0000000100000000)
  eden space 13312K, 0% used [0x00000000eab00000,0x00000000eab00000,0x00000000eb800000)
  from space 512K, 100% used [0x00000000ebd80000,0x00000000ebe00000,0x00000000ebe00000)
  to   space 1024K, 0% used [0x00000000ebc00000,0x00000000ebc00000,0x00000000ebd00000)
 ParOldGen       total 68608K, used 52622K [0x00000000c0000000, 0x00000000c4300000, 0x00000000eab00000)
  object space 68608K, 76% used [0x00000000c0000000,0x00000000c3363840,0x00000000c4300000)
 Metaspace       used 62641K, committed 63552K, reserved 1105920K
  class space    used 7261K, committed 7680K, reserved 1048576K
}
Event: 85.128 GC heap before
{Heap before GC invocations=68 (full 3):
 PSYoungGen      total 13824K, used 13824K [0x00000000eab00000, 0x00000000ebe00000, 0x0000000100000000)
  eden space 13312K, 100% used [0x00000000eab00000,0x00000000eb800000,0x00000000eb800000)
  from space 512K, 100% used [0x00000000ebd80000,0x00000000ebe00000,0x00000000ebe00000)
  to   space 1024K, 0% used [0x00000000ebc00000,0x00000000ebc00000,0x00000000ebd00000)
 ParOldGen       total 68608K, used 52622K [0x00000000c0000000, 0x00000000c4300000, 0x00000000eab00000)
  object space 68608K, 76% used [0x00000000c0000000,0x00000000c3363840,0x00000000c4300000)
 Metaspace       used 62808K, committed 63680K, reserved 1105920K
  class space    used 7275K, committed 7680K, reserved 1048576K
}
Event: 85.129 GC heap after
{Heap after GC invocations=68 (full 3):
 PSYoungGen      total 14336K, used 608K [0x00000000eab00000, 0x00000000ebe00000, 0x0000000100000000)
  eden space 13312K, 0% used [0x00000000eab00000,0x00000000eab00000,0x00000000eb800000)
  from space 1024K, 59% used [0x00000000ebc00000,0x00000000ebc98000,0x00000000ebd00000)
  to   space 1024K, 0% used [0x00000000ebd00000,0x00000000ebd00000,0x00000000ebe00000)
 ParOldGen       total 68608K, used 52959K [0x00000000c0000000, 0x00000000c4300000, 0x00000000eab00000)
  object space 68608K, 77% used [0x00000000c0000000,0x00000000c33b7cb0,0x00000000c4300000)
 Metaspace       used 62808K, committed 63680K, reserved 1105920K
  class space    used 7275K, committed 7680K, reserved 1048576K
}
Event: 85.300 GC heap before
{Heap before GC invocations=69 (full 3):
 PSYoungGen      total 14336K, used 13920K [0x00000000eab00000, 0x00000000ebe00000, 0x0000000100000000)
  eden space 13312K, 100% used [0x00000000eab00000,0x00000000eb800000,0x00000000eb800000)
  from space 1024K, 59% used [0x00000000ebc00000,0x00000000ebc98000,0x00000000ebd00000)
  to   space 1024K, 0% used [0x00000000ebd00000,0x00000000ebd00000,0x00000000ebe00000)
 ParOldGen       total 68608K, used 52959K [0x00000000c0000000, 0x00000000c4300000, 0x00000000eab00000)
  object space 68608K, 77% used [0x00000000c0000000,0x00000000c33b7cb0,0x00000000c4300000)
 Metaspace       used 64598K, committed 65600K, reserved 1114112K
  class space    used 7452K, committed 7872K, reserved 1048576K
}
Event: 85.301 GC heap after
{Heap after GC invocations=69 (full 3):
 PSYoungGen      total 14336K, used 662K [0x00000000eab00000, 0x00000000ebe00000, 0x0000000100000000)
  eden space 13312K, 0% used [0x00000000eab00000,0x00000000eab00000,0x00000000eb800000)
  from space 1024K, 64% used [0x00000000ebd00000,0x00000000ebda5a20,0x00000000ebe00000)
  to   space 1024K, 0% used [0x00000000ebc00000,0x00000000ebc00000,0x00000000ebd00000)
 ParOldGen       total 68608K, used 53343K [0x00000000c0000000, 0x00000000c4300000, 0x00000000eab00000)
  object space 68608K, 77% used [0x00000000c0000000,0x00000000c3417cc0,0x00000000c4300000)
 Metaspace       used 64598K, committed 65600K, reserved 1114112K
  class space    used 7452K, committed 7872K, reserved 1048576K
}
Event: 86.097 GC heap before
{Heap before GC invocations=70 (full 3):
 PSYoungGen      total 14336K, used 13970K [0x00000000eab00000, 0x00000000ebe00000, 0x0000000100000000)
  eden space 13312K, 99% used [0x00000000eab00000,0x00000000eb7ff050,0x00000000eb800000)
  from space 1024K, 64% used [0x00000000ebd00000,0x00000000ebda5a20,0x00000000ebe00000)
  to   space 1024K, 0% used [0x00000000ebc00000,0x00000000ebc00000,0x00000000ebd00000)
 ParOldGen       total 68608K, used 53343K [0x00000000c0000000, 0x00000000c4300000, 0x00000000eab00000)
  object space 68608K, 77% used [0x00000000c0000000,0x00000000c3417cc0,0x00000000c4300000)
 Metaspace       used 65243K, committed 66240K, reserved 1114112K
  class space    used 7511K, committed 7936K, reserved 1048576K
}
Event: 86.099 GC heap after
{Heap after GC invocations=70 (full 3):
 PSYoungGen      total 14336K, used 704K [0x00000000eab00000, 0x00000000ebd80000, 0x0000000100000000)
  eden space 13312K, 0% used [0x00000000eab00000,0x00000000eab00000,0x00000000eb800000)
  from space 1024K, 68% used [0x00000000ebc00000,0x00000000ebcb0000,0x00000000ebd00000)
  to   space 512K, 0% used [0x00000000ebd00000,0x00000000ebd00000,0x00000000ebd80000)
 ParOldGen       total 68608K, used 53748K [0x00000000c0000000, 0x00000000c4300000, 0x00000000eab00000)
  object space 68608K, 78% used [0x00000000c0000000,0x00000000c347d258,0x00000000c4300000)
 Metaspace       used 65243K, committed 66240K, reserved 1114112K
  class space    used 7511K, committed 7936K, reserved 1048576K
}
Event: 86.285 GC heap before
{Heap before GC invocations=71 (full 3):
 PSYoungGen      total 14336K, used 14016K [0x00000000eab00000, 0x00000000ebd80000, 0x0000000100000000)
  eden space 13312K, 100% used [0x00000000eab00000,0x00000000eb800000,0x00000000eb800000)
  from space 1024K, 68% used [0x00000000ebc00000,0x00000000ebcb0000,0x00000000ebd00000)
  to   space 512K, 0% used [0x00000000ebd00000,0x00000000ebd00000,0x00000000ebd80000)
 ParOldGen       total 68608K, used 53748K [0x00000000c0000000, 0x00000000c4300000, 0x00000000eab00000)
  object space 68608K, 78% used [0x00000000c0000000,0x00000000c347d258,0x00000000c4300000)
 Metaspace       used 65752K, committed 66688K, reserved 1114112K
  class space    used 7558K, committed 8000K, reserved 1048576K
}
Event: 86.287 GC heap after
{Heap after GC invocations=71 (full 3):
 PSYoungGen      total 13824K, used 512K [0x00000000eab00000, 0x00000000ebd80000, 0x0000000100000000)
  eden space 13312K, 0% used [0x00000000eab00000,0x00000000eab00000,0x00000000eb800000)
  from space 512K, 100% used [0x00000000ebd00000,0x00000000ebd80000,0x00000000ebd80000)
  to   space 1536K, 0% used [0x00000000eba80000,0x00000000eba80000,0x00000000ebc00000)
 ParOldGen       total 68608K, used 54222K [0x00000000c0000000, 0x00000000c4300000, 0x00000000eab00000)
  object space 68608K, 79% used [0x00000000c0000000,0x00000000c34f38d0,0x00000000c4300000)
 Metaspace       used 65752K, committed 66688K, reserved 1114112K
  class space    used 7558K, committed 8000K, reserved 1048576K
}
Event: 12004.526 GC heap before
{Heap before GC invocations=72 (full 3):
 PSYoungGen      total 13824K, used 13817K [0x00000000eab00000, 0x00000000ebd80000, 0x0000000100000000)
  eden space 13312K, 99% used [0x00000000eab00000,0x00000000eb7fe688,0x00000000eb800000)
  from space 512K, 100% used [0x00000000ebd00000,0x00000000ebd80000,0x00000000ebd80000)
  to   space 1536K, 0% used [0x00000000eba80000,0x00000000eba80000,0x00000000ebc00000)
 ParOldGen       total 68608K, used 54222K [0x00000000c0000000, 0x00000000c4300000, 0x00000000eab00000)
  object space 68608K, 79% used [0x00000000c0000000,0x00000000c34f38d0,0x00000000c4300000)
 Metaspace       used 66040K, committed 67008K, reserved 1114112K
  class space    used 7582K, committed 8000K, reserved 1048576K
}
Event: 12004.529 GC heap after
{Heap after GC invocations=72 (full 3):
 PSYoungGen      total 14848K, used 544K [0x00000000eab00000, 0x00000000ebd80000, 0x0000000100000000)
  eden space 13312K, 0% used [0x00000000eab00000,0x00000000eab00000,0x00000000eb800000)
  from space 1536K, 35% used [0x00000000eba80000,0x00000000ebb08000,0x00000000ebc00000)
  to   space 1024K, 0% used [0x00000000ebc80000,0x00000000ebc80000,0x00000000ebd80000)
 ParOldGen       total 68608K, used 54422K [0x00000000c0000000, 0x00000000c4300000, 0x00000000eab00000)
  object space 68608K, 79% used [0x00000000c0000000,0x00000000c35258f0,0x00000000c4300000)
 Metaspace       used 66040K, committed 67008K, reserved 1114112K
  class space    used 7582K, committed 8000K, reserved 1048576K
}

Dll operation events (13 events):
Event: 0.003 Loaded shared library /home/czq841/.vscode/extensions/redhat.java-1.15.0-linux-x64/jre/17.0.6-linux-x86_64/lib/libjava.so
Event: 0.194 Loaded shared library /home/czq841/.vscode/extensions/redhat.java-1.15.0-linux-x64/jre/17.0.6-linux-x86_64/lib/libzip.so
Event: 0.196 Loaded shared library /home/czq841/.vscode/extensions/redhat.java-1.15.0-linux-x64/jre/17.0.6-linux-x86_64/lib/libinstrument.so
Event: 0.206 Loaded shared library /home/czq841/.vscode/extensions/redhat.java-1.15.0-linux-x64/jre/17.0.6-linux-x86_64/lib/libnio.so
Event: 0.217 Loaded shared library /home/czq841/.vscode/extensions/redhat.java-1.15.0-linux-x64/jre/17.0.6-linux-x86_64/lib/libzip.so
Event: 0.232 Loaded shared library /home/czq841/.vscode/extensions/redhat.java-1.15.0-linux-x64/jre/17.0.6-linux-x86_64/lib/libjimage.so
Event: 0.267 Loaded shared library /home/czq841/.vscode/extensions/redhat.java-1.15.0-linux-x64/jre/17.0.6-linux-x86_64/lib/libverify.so
Event: 1.311 Loaded shared library /home/czq841/.vscode/extensions/redhat.java-1.15.0-linux-x64/jre/17.0.6-linux-x86_64/lib/libnet.so
Event: 1.787 Loaded shared library /home/czq841/.config/Code/User/globalStorage/redhat.java/1.15.0/config_linux/org.eclipse.equinox.launcher/org.eclipse.equinox.launcher.gtk.linux.x86_64_1.2.700.v20221108-1024/eclipse_11801.so
Event: 8.286 Loaded shared library /home/czq841/.vscode/extensions/redhat.java-1.15.0-linux-x64/jre/17.0.6-linux-x86_64/lib/libextnet.so
Event: 11.624 Loaded shared library /home/czq841/.gradle/native/68d5fa5c4cc2d200863cafc0d521ce42e7d3e7ee720ec0a83991735586a16f82/linux-amd64/libnative-platform.so
Event: 12.338 Loaded shared library /home/czq841/.vscode/extensions/redhat.java-1.15.0-linux-x64/jre/17.0.6-linux-x86_64/lib/libmanagement.so
Event: 12.342 Loaded shared library /home/czq841/.vscode/extensions/redhat.java-1.15.0-linux-x64/jre/17.0.6-linux-x86_64/lib/libmanagement_ext.so

Deoptimization events (20 events):
Event: 53768.286 Thread 0x00007f608c03a4a0 DEOPT PACKING pc=0x00007f61321ea814 sp=0x00007f60da2f59d0
Event: 53768.286 Thread 0x00007f608c03a4a0 DEOPT UNPACKING pc=0x00007f61318a1393 sp=0x00007f60da2f5998 mode 2
Event: 53768.294 Thread 0x00007f608c03a4a0 Uncommon trap: trap_request=0xffffff45 fr.pc=0x00007f6132237bcc relative=0x000000000000042c
Event: 53768.294 Thread 0x00007f608c03a4a0 Uncommon trap: reason=unstable_if action=reinterpret pc=0x00007f6132237bcc method=java.lang.AbstractStringBuilder.appendChars([CII)V @ 43 c2
Event: 53768.294 Thread 0x00007f608c03a4a0 DEOPT PACKING pc=0x00007f6132237bcc sp=0x00007f60da2f5bc0
Event: 53768.294 Thread 0x00007f608c03a4a0 DEOPT UNPACKING pc=0x00007f61318a1393 sp=0x00007f60da2f5b68 mode 2
Event: 53768.294 Thread 0x00007f608c03a4a0 Uncommon trap: trap_request=0xffffff45 fr.pc=0x00007f613241d88c relative=0x000000000000064c
Event: 53768.294 Thread 0x00007f608c03a4a0 Uncommon trap: reason=unstable_if action=reinterpret pc=0x00007f613241d88c method=java.lang.AbstractStringBuilder.<init>(Ljava/lang/String;)V @ 40 c2
Event: 53768.294 Thread 0x00007f608c03a4a0 DEOPT PACKING pc=0x00007f613241d88c sp=0x00007f60da2f5de0
Event: 53768.294 Thread 0x00007f608c03a4a0 DEOPT UNPACKING pc=0x00007f61318a1393 sp=0x00007f60da2f5d58 mode 2
Event: 53768.302 Thread 0x00007f608c03a4a0 Uncommon trap: trap_request=0xffffff45 fr.pc=0x00007f6131fef904 relative=0x0000000000000164
Event: 53768.302 Thread 0x00007f608c03a4a0 Uncommon trap: reason=unstable_if action=reinterpret pc=0x00007f6131fef904 method=java.lang.String.startsWith(Ljava/lang/String;I)Z @ 50 c2
Event: 53768.302 Thread 0x00007f608c03a4a0 DEOPT PACKING pc=0x00007f6131fef904 sp=0x00007f60da2f5af0
Event: 53768.302 Thread 0x00007f608c03a4a0 DEOPT UNPACKING pc=0x00007f61318a1393 sp=0x00007f60da2f5a18 mode 2
Event: 53768.302 Thread 0x00007f608c03a4a0 Uncommon trap: trap_request=0xffffff45 fr.pc=0x00007f61322b0510 relative=0x00000000000001f0
Event: 53768.302 Thread 0x00007f608c03a4a0 Uncommon trap: reason=unstable_if action=reinterpret pc=0x00007f61322b0510 method=java.lang.AbstractStringBuilder.<init>(Ljava/lang/String;)V @ 40 c2
Event: 53768.302 Thread 0x00007f608c03a4a0 DEOPT PACKING pc=0x00007f61322b0510 sp=0x00007f60da2f5bb0
Event: 53768.302 Thread 0x00007f608c03a4a0 DEOPT UNPACKING pc=0x00007f61318a1393 sp=0x00007f60da2f5b60 mode 2
Event: 53768.304 Thread 0x00007f608c03a4a0 DEOPT PACKING pc=0x00007f612b193df4 sp=0x00007f60da2f6600
Event: 53768.304 Thread 0x00007f608c03a4a0 DEOPT UNPACKING pc=0x00007f61318a1b10 sp=0x00007f60da2f5b40 mode 1

Classes unloaded (7 events):
Event: 3.482 Thread 0x00007f613c3215e0 Unloading class 0x000000010021b800 'java/lang/invoke/LambdaForm$MH+0x000000010021b800'
Event: 3.482 Thread 0x00007f613c3215e0 Unloading class 0x000000010021b400 'java/lang/invoke/LambdaForm$MH+0x000000010021b400'
Event: 3.482 Thread 0x00007f613c3215e0 Unloading class 0x000000010021b000 'java/lang/invoke/LambdaForm$MH+0x000000010021b000'
Event: 3.482 Thread 0x00007f613c3215e0 Unloading class 0x000000010021a800 'java/lang/invoke/LambdaForm$MH+0x000000010021a800'
Event: 3.482 Thread 0x00007f613c3215e0 Unloading class 0x000000010021a400 'java/lang/invoke/LambdaForm$BMH+0x000000010021a400'
Event: 3.482 Thread 0x00007f613c3215e0 Unloading class 0x000000010021a000 'java/lang/invoke/LambdaForm$DMH+0x000000010021a000'
Event: 3.482 Thread 0x00007f613c3215e0 Unloading class 0x0000000100208400 'java/lang/invoke/LambdaForm$DMH+0x0000000100208400'

Classes redefined (0 events):
No events

Internal exceptions (20 events):
Event: 53768.307 Thread 0x00007f608c03a4a0 Exception <a 'java/lang/LinkageError'{0x00000000eb516a28}: Error reading class bytes: org.eclipse.core.internal.runtime.PrintStackUtil> (0x00000000eb516a28) 
thrown [src/hotspot/share/oops/constantPool.cpp, line 835]
Event: 53768.308 Thread 0x00007f608c03a4a0 Exception <a 'java/io/FileNotFoundException'{0x00000000eb521a40}> (0x00000000eb521a40) 
thrown [src/hotspot/share/prims/jni.cpp, line 516]
Event: 53768.313 Thread 0x00007f608c03a4a0 Exception <a 'java/io/FileNotFoundException'{0x00000000eb53b810}> (0x00000000eb53b810) 
thrown [src/hotspot/share/prims/jni.cpp, line 516]
Event: 53768.315 Thread 0x00007f608c03a4a0 Exception <a 'java/io/IOException'{0x00000000eb544180}> (0x00000000eb544180) 
thrown [src/hotspot/share/prims/jni.cpp, line 516]
Event: 53768.315 Thread 0x00007f608c03a4a0 Exception <a 'java/io/IOException'{0x00000000eb5444f8}> (0x00000000eb5444f8) 
thrown [src/hotspot/share/prims/jni.cpp, line 516]
Event: 53768.315 Thread 0x00007f608c03a4a0 Exception <a 'java/io/IOException'{0x00000000eb544870}> (0x00000000eb544870) 
thrown [src/hotspot/share/prims/jni.cpp, line 516]
Event: 53768.315 Thread 0x00007f608c03a4a0 Exception <a 'java/io/FileNotFoundException'{0x00000000eb545330}> (0x00000000eb545330) 
thrown [src/hotspot/share/prims/jni.cpp, line 516]
Event: 53768.317 Thread 0x00007f608c03a4a0 Exception <a 'java/io/IOException'{0x00000000eb569298}> (0x00000000eb569298) 
thrown [src/hotspot/share/prims/jni.cpp, line 516]
Event: 53768.317 Thread 0x00007f608c03a4a0 Exception <a 'java/io/IOException'{0x00000000eb569610}> (0x00000000eb569610) 
thrown [src/hotspot/share/prims/jni.cpp, line 516]
Event: 53768.317 Thread 0x00007f608c03a4a0 Exception <a 'java/io/IOException'{0x00000000eb569988}> (0x00000000eb569988) 
thrown [src/hotspot/share/prims/jni.cpp, line 516]
Event: 53768.318 Thread 0x00007f608c03a4a0 Exception <a 'java/io/IOException'{0x00000000eb56abd0}> (0x00000000eb56abd0) 
thrown [src/hotspot/share/prims/jni.cpp, line 516]
Event: 53768.318 Thread 0x00007f608c03a4a0 Exception <a 'java/io/IOException'{0x00000000eb56af48}> (0x00000000eb56af48) 
thrown [src/hotspot/share/prims/jni.cpp, line 516]
Event: 53768.318 Thread 0x00007f608c03a4a0 Exception <a 'java/io/IOException'{0x00000000eb56b2c0}> (0x00000000eb56b2c0) 
thrown [src/hotspot/share/prims/jni.cpp, line 516]
Event: 53768.465 Thread 0x00007f608c03a4a0 Exception <a 'java/io/IOException'{0x00000000eb56cb50}> (0x00000000eb56cb50) 
thrown [src/hotspot/share/prims/jni.cpp, line 516]
Event: 53768.465 Thread 0x00007f608c03a4a0 Exception <a 'java/io/IOException'{0x00000000eb56cec8}> (0x00000000eb56cec8) 
thrown [src/hotspot/share/prims/jni.cpp, line 516]
Event: 53768.465 Thread 0x00007f608c03a4a0 Exception <a 'java/io/IOException'{0x00000000eb56d240}> (0x00000000eb56d240) 
thrown [src/hotspot/share/prims/jni.cpp, line 516]
Event: 53768.465 Thread 0x00007f608c03a4a0 Exception <a 'java/io/IOException'{0x00000000eb56ecb8}> (0x00000000eb56ecb8) 
thrown [src/hotspot/share/prims/jni.cpp, line 516]
Event: 53768.466 Thread 0x00007f608c03a4a0 Exception <a 'java/io/IOException'{0x00000000eb56f030}> (0x00000000eb56f030) 
thrown [src/hotspot/share/prims/jni.cpp, line 516]
Event: 53768.466 Thread 0x00007f608c03a4a0 Exception <a 'java/io/IOException'{0x00000000eb56f3a8}> (0x00000000eb56f3a8) 
thrown [src/hotspot/share/prims/jni.cpp, line 516]
Event: 53828.273 Thread 0x00007f6058009f40 Exception <a 'java/io/FileNotFoundException'{0x00000000eb42e288}> (0x00000000eb42e288) 
thrown [src/hotspot/share/prims/jni.cpp, line 516]

VM Operations (20 events):
Event: 34968.363 Executing VM operation: Cleanup done
Event: 34982.365 Executing VM operation: Cleanup
Event: 34982.365 Executing VM operation: Cleanup done
Event: 35012.369 Executing VM operation: Cleanup
Event: 35012.369 Executing VM operation: Cleanup done
Event: 35406.417 Executing VM operation: Cleanup
Event: 35406.417 Executing VM operation: Cleanup done
Event: 39905.981 Executing VM operation: Cleanup
Event: 39905.981 Executing VM operation: Cleanup done
Event: 50707.310 Executing VM operation: Cleanup
Event: 50707.311 Executing VM operation: Cleanup done
Event: 53768.292 Executing VM operation: HandshakeAllThreads
Event: 53768.292 Executing VM operation: HandshakeAllThreads done
Event: 53768.292 Executing VM operation: Cleanup
Event: 53768.292 Executing VM operation: Cleanup done
Event: 53768.304 Executing VM operation: HandshakeAllThreads
Event: 53768.304 Executing VM operation: HandshakeAllThreads done
Event: 53769.304 Executing VM operation: Cleanup
Event: 53769.304 Executing VM operation: Cleanup done
Event: 53828.275 Executing VM operation: Exit

Events (20 events):
Event: 53768.293 loading class java/text/NumberFormat$Field
Event: 53768.293 loading class java/text/NumberFormat$Field done
Event: 53768.305 loading class java/lang/Throwable$WrappedPrintStream
Event: 53768.305 loading class java/lang/Throwable$WrappedPrintStream done
Event: 53768.315 Thread 0x00007f60fc31d200 Thread added: 0x00007f60fc31d200
Event: 53768.315 Protecting memory [0x00007f60d9ff5000,0x00007f60d9ff9000] with protection modes 0
Event: 53768.316 Thread 0x00007f60fc31de30 Thread added: 0x00007f60fc31de30
Event: 53768.316 Protecting memory [0x00007f60d84f4000,0x00007f60d84f8000] with protection modes 0
Event: 53768.316 Thread 0x00007f60fc31ea10 Thread added: 0x00007f60fc31ea10
Event: 53768.316 Protecting memory [0x00007f6120a61000,0x00007f6120a65000] with protection modes 0
Event: 53773.319 Thread 0x00007f60fc31ea10 Thread exited: 0x00007f60fc31ea10
Event: 53778.319 Thread 0x00007f60fc31de30 Thread exited: 0x00007f60fc31de30
Event: 53783.319 Thread 0x00007f60fc31d200 Thread exited: 0x00007f60fc31d200
Event: 53820.081 Thread 0x00007f613c786580 Thread exited: 0x00007f613c786580
Event: 53828.274 Thread 0x00007f60d4001870 Thread added: 0x00007f60d4001870
Event: 53828.274 Protecting memory [0x00007f60d85f5000,0x00007f60d85f9000] with protection modes 0
Event: 53828.274 Thread 0x00007f60d40021a0 Thread added: 0x00007f60d40021a0
Event: 53828.274 Thread 0x00007f60d4001870 Thread exited: 0x00007f60d4001870
Event: 53828.275 Protecting memory [0x00007f60d9ff5000,0x00007f60d9ff9000] with protection modes 0
Event: 53828.275 Thread 0x00007f60d40021a0 Thread exited: 0x00007f60d40021a0


Dynamic libraries:
c0000000-c4300000 rw-p 00000000 00:00 0 
c4300000-eab00000 ---p 00000000 00:00 0 
eab00000-ebd80000 rw-p 00000000 00:00 0 
ebd80000-100000000 ---p 00000000 00:00 0 
100000000-100020000 rw-p 00000000 00:00 0 
100020000-100040000 rw-p 00000000 00:00 0 
100040000-1000c0000 rw-p 00000000 00:00 0 
1000c0000-1000e0000 rw-p 00000000 00:00 0 
1000e0000-100140000 rw-p 00000000 00:00 0 
100140000-1001e0000 rw-p 00000000 00:00 0 
1001e0000-100200000 rw-p 00000000 00:00 0 
100200000-100260000 rw-p 00000000 00:00 0 
100260000-100280000 rw-p 00000000 00:00 0 
100280000-100340000 rw-p 00000000 00:00 0 
100340000-100380000 rw-p 00000000 00:00 0 
100380000-100480000 rw-p 00000000 00:00 0 
100480000-1004c0000 rw-p 00000000 00:00 0 
1004c0000-100500000 rw-p 00000000 00:00 0 
100500000-100580000 rw-p 00000000 00:00 0 
100580000-1006e0000 rw-p 00000000 00:00 0 
1006e0000-100700000 rw-p 00000000 00:00 0 
100700000-1007d0000 rw-p 00000000 00:00 0 
1007d0000-140000000 ---p 00000000 00:00 0 
5598df256000-5598df257000 r--p 00000000 08:02 529520                     /home/czq841/.vscode/extensions/redhat.java-1.15.0-linux-x64/jre/17.0.6-linux-x86_64/bin/java
5598df257000-5598df258000 r-xp 00001000 08:02 529520                     /home/czq841/.vscode/extensions/redhat.java-1.15.0-linux-x64/jre/17.0.6-linux-x86_64/bin/java
5598df258000-5598df259000 r--p 00002000 08:02 529520                     /home/czq841/.vscode/extensions/redhat.java-1.15.0-linux-x64/jre/17.0.6-linux-x86_64/bin/java
5598df259000-5598df25a000 r--p 00002000 08:02 529520                     /home/czq841/.vscode/extensions/redhat.java-1.15.0-linux-x64/jre/17.0.6-linux-x86_64/bin/java
5598df25a000-5598df25b000 rw-p 00003000 08:02 529520                     /home/czq841/.vscode/extensions/redhat.java-1.15.0-linux-x64/jre/17.0.6-linux-x86_64/bin/java
5598e014a000-5598e0192000 rw-p 00000000 00:00 0                          [heap]
7f6020000000-7f602094c000 rw-p 00000000 00:00 0 
7f602094c000-7f6024000000 ---p 00000000 00:00 0 
7f60277f5000-7f6030000000 r--s 00000000 08:02 3938781                    /usr/lib/jvm/java-11-openjdk-amd64/lib/modules
7f6030000000-7f603003c000 rw-p 00000000 00:00 0 
7f603003c000-7f6034000000 ---p 00000000 00:00 0 
7f6034000000-7f6034021000 rw-p 00000000 00:00 0 
7f6034021000-7f6038000000 ---p 00000000 00:00 0 
7f6038000000-7f603812b000 rw-p 00000000 00:00 0 
7f603812b000-7f603c000000 ---p 00000000 00:00 0 
7f603c000000-7f603c263000 rw-p 00000000 00:00 0 
7f603c263000-7f6040000000 ---p 00000000 00:00 0 
7f6040000000-7f604004c000 rw-p 00000000 00:00 0 
7f604004c000-7f6044000000 ---p 00000000 00:00 0 
7f6044000000-7f6044633000 rw-p 00000000 00:00 0 
7f6044633000-7f6048000000 ---p 00000000 00:00 0 
7f6049c00000-7f6049e60000 rw-p 00000000 00:00 0 
7f6049e60000-7f604a400000 ---p 00000000 00:00 0 
7f604a5fe000-7f604a602000 ---p 00000000 00:00 0 
7f604a602000-7f604a6ff000 rw-p 00000000 00:00 0 
7f604a6ff000-7f604a703000 ---p 00000000 00:00 0 
7f604a703000-7f604ad80000 rw-p 00000000 00:00 0 
7f604ad80000-7f604af00000 rw-p 00000000 00:00 0 
7f604af00000-7f604af50000 rw-p 00000000 00:00 0 
7f604af50000-7f604b000000 ---p 00000000 00:00 0 
7f604b000000-7f604b100000 rw-p 00000000 00:00 0 
7f604b100000-7f604b200000 rw-p 00000000 00:00 0 
7f604b200000-7f604b500000 rw-p 00000000 00:00 0 
7f604b500000-7f604b600000 rw-p 00000000 00:00 0 
7f604b600000-7f604b800000 rw-p 00000000 00:00 0 
7f604b800000-7f604bb80000 rw-p 00000000 00:00 0 
7f604bb80000-7f604bce0000 rw-p 00000000 00:00 0 
7f604bce0000-7f604bd00000 rw-p 00000000 00:00 0 
7f604bd00000-7f604bf00000 rw-p 00000000 00:00 0 
7f604bf00000-7f604c000000 rw-p 00000000 00:00 0 
7f604c000000-7f604c0fb000 rw-p 00000000 00:00 0 
7f604c0fb000-7f6050000000 ---p 00000000 00:00 0 
7f6050000000-7f60507e0000 rw-p 00000000 00:00 0 
7f60507e0000-7f6054000000 ---p 00000000 00:00 0 
7f6054000000-7f60549f0000 rw-p 00000000 00:00 0 
7f60549f0000-7f6058000000 ---p 00000000 00:00 0 
7f6058000000-7f6058021000 rw-p 00000000 00:00 0 
7f6058021000-7f605c000000 ---p 00000000 00:00 0 
7f605c000000-7f605c021000 rw-p 00000000 00:00 0 
7f605c021000-7f6060000000 ---p 00000000 00:00 0 
7f6060000000-7f6060021000 rw-p 00000000 00:00 0 
7f6060021000-7f6064000000 ---p 00000000 00:00 0 
7f6064000000-7f6065568000 rw-p 00000000 00:00 0 
7f6065568000-7f6068000000 ---p 00000000 00:00 0 
7f6068000000-7f6068021000 rw-p 00000000 00:00 0 
7f6068021000-7f606c000000 ---p 00000000 00:00 0 
7f606c000000-7f606c021000 rw-p 00000000 00:00 0 
7f606c021000-7f6070000000 ---p 00000000 00:00 0 
7f6070000000-7f60713b3000 rw-p 00000000 00:00 0 
7f60713b3000-7f6074000000 ---p 00000000 00:00 0 
7f6074000000-7f6074021000 rw-p 00000000 00:00 0 
7f6074021000-7f6078000000 ---p 00000000 00:00 0 
7f6078000000-7f6079327000 rw-p 00000000 00:00 0 
7f6079327000-7f607c000000 ---p 00000000 00:00 0 
7f607c000000-7f607c021000 rw-p 00000000 00:00 0 
7f607c021000-7f6080000000 ---p 00000000 00:00 0 
7f6080000000-7f60818e1000 rw-p 00000000 00:00 0 
7f60818e1000-7f6084000000 ---p 00000000 00:00 0 
7f6084000000-7f6085459000 rw-p 00000000 00:00 0 
7f6085459000-7f6088000000 ---p 00000000 00:00 0 
7f6088000000-7f60883d2000 rw-p 00000000 00:00 0 
7f60883d2000-7f608c000000 ---p 00000000 00:00 0 
7f608c000000-7f608c170000 rw-p 00000000 00:00 0 
7f608c170000-7f6090000000 ---p 00000000 00:00 0 
7f6090000000-7f609012b000 rw-p 00000000 00:00 0 
7f609012b000-7f6094000000 ---p 00000000 00:00 0 
7f6094000000-7f6094021000 rw-p 00000000 00:00 0 
7f6094021000-7f6098000000 ---p 00000000 00:00 0 
7f6098000000-7f60986d9000 rw-p 00000000 00:00 0 
7f60986d9000-7f609c000000 ---p 00000000 00:00 0 
7f609c000000-7f609c021000 rw-p 00000000 00:00 0 
7f609c021000-7f60a0000000 ---p 00000000 00:00 0 
7f60a0000000-7f60a0021000 rw-p 00000000 00:00 0 
7f60a0021000-7f60a4000000 ---p 00000000 00:00 0 
7f60a4000000-7f60a4021000 rw-p 00000000 00:00 0 
7f60a4021000-7f60a8000000 ---p 00000000 00:00 0 
7f60a8000000-7f60a8021000 rw-p 00000000 00:00 0 
7f60a8021000-7f60ac000000 ---p 00000000 00:00 0 
7f60ac000000-7f60ac021000 rw-p 00000000 00:00 0 
7f60ac021000-7f60b0000000 ---p 00000000 00:00 0 
7f60b0000000-7f60b0cf8000 rw-p 00000000 00:00 0 
7f60b0cf8000-7f60b4000000 ---p 00000000 00:00 0 
7f60b4000000-7f60b4021000 rw-p 00000000 00:00 0 
7f60b4021000-7f60b8000000 ---p 00000000 00:00 0 
7f60b8000000-7f60b8c4d000 rw-p 00000000 00:00 0 
7f60b8c4d000-7f60bc000000 ---p 00000000 00:00 0 
7f60bc000000-7f60bc021000 rw-p 00000000 00:00 0 
7f60bc021000-7f60c0000000 ---p 00000000 00:00 0 
7f60c0000000-7f60c0021000 rw-p 00000000 00:00 0 
7f60c0021000-7f60c4000000 ---p 00000000 00:00 0 
7f60c4000000-7f60c4021000 rw-p 00000000 00:00 0 
7f60c4021000-7f60c8000000 ---p 00000000 00:00 0 
7f60c8000000-7f60c8021000 rw-p 00000000 00:00 0 
7f60c8021000-7f60cc000000 ---p 00000000 00:00 0 
7f60cc000000-7f60cc021000 rw-p 00000000 00:00 0 
7f60cc021000-7f60d0000000 ---p 00000000 00:00 0 
7f60d0000000-7f60d0021000 rw-p 00000000 00:00 0 
7f60d0021000-7f60d4000000 ---p 00000000 00:00 0 
7f60d4000000-7f60d4021000 rw-p 00000000 00:00 0 
7f60d4021000-7f60d8000000 ---p 00000000 00:00 0 
7f60d80eb000-7f60d80f0000 r-xp 00000000 08:02 3939513                    /home/czq841/.gradle/native/68d5fa5c4cc2d200863cafc0d521ce42e7d3e7ee720ec0a83991735586a16f82/linux-amd64/libnative-platform.so
7f60d80f0000-7f60d82f0000 ---p 00005000 08:02 3939513                    /home/czq841/.gradle/native/68d5fa5c4cc2d200863cafc0d521ce42e7d3e7ee720ec0a83991735586a16f82/linux-amd64/libnative-platform.so
7f60d82f0000-7f60d82f1000 r--p 00005000 08:02 3939513                    /home/czq841/.gradle/native/68d5fa5c4cc2d200863cafc0d521ce42e7d3e7ee720ec0a83991735586a16f82/linux-amd64/libnative-platform.so
7f60d82f1000-7f60d82f2000 rw-p 00006000 08:02 3939513                    /home/czq841/.gradle/native/68d5fa5c4cc2d200863cafc0d521ce42e7d3e7ee720ec0a83991735586a16f82/linux-amd64/libnative-platform.so
7f60d82f2000-7f60d82f6000 ---p 00000000 00:00 0 
7f60d82f6000-7f60d83f3000 rw-p 00000000 00:00 0 
7f60d83f3000-7f60d83f7000 ---p 00000000 00:00 0 
7f60d83f7000-7f60d84f4000 rw-p 00000000 00:00 0 
7f60d84f4000-7f60d84f8000 ---p 00000000 00:00 0 
7f60d84f8000-7f60d85f5000 rw-p 00000000 00:00 0 
7f60d85f5000-7f60d85f9000 ---p 00000000 00:00 0 
7f60d85f9000-7f60d86f6000 rw-p 00000000 00:00 0 
7f60d86f6000-7f60d86fa000 ---p 00000000 00:00 0 
7f60d86fa000-7f60d87f7000 rw-p 00000000 00:00 0 
7f60d87f7000-7f60d87fb000 ---p 00000000 00:00 0 
7f60d87fb000-7f60d88f8000 rw-p 00000000 00:00 0 
7f60d88f8000-7f60d88fc000 ---p 00000000 00:00 0 
7f60d88fc000-7f60d89f9000 rw-p 00000000 00:00 0 
7f60d89f9000-7f60d89fa000 ---p 00000000 00:00 0 
7f60d89fa000-7f60d8afb000 rw-p 00000000 00:00 0 
7f60d8afb000-7f60d8afc000 ---p 00000000 00:00 0 
7f60d8afc000-7f60d8bfd000 rw-p 00000000 00:00 0 
7f60d8cf8000-7f60d8cfc000 ---p 00000000 00:00 0 
7f60d8cfc000-7f60d8df9000 rw-p 00000000 00:00 0 
7f60d8df9000-7f60d8dfd000 ---p 00000000 00:00 0 
7f60d8dfd000-7f60d8efa000 rw-p 00000000 00:00 0 
7f60d8efa000-7f60d8efe000 ---p 00000000 00:00 0 
7f60d8efe000-7f60d8ffb000 rw-p 00000000 00:00 0 
7f60d8ffb000-7f60d8fff000 ---p 00000000 00:00 0 
7f60d8fff000-7f60d90fc000 rw-p 00000000 00:00 0 
7f60d90fc000-7f60d9100000 ---p 00000000 00:00 0 
7f60d9100000-7f60d91fd000 rw-p 00000000 00:00 0 
7f60d91fd000-7f60d91fe000 ---p 00000000 00:00 0 
7f60d91fe000-7f60d92ff000 rw-p 00000000 00:00 0 
7f60d92ff000-7f60d9303000 ---p 00000000 00:00 0 
7f60d9303000-7f60d9500000 rw-p 00000000 00:00 0 
7f60d9500000-7f60d9600000 rw-p 00000000 00:00 0 
7f60d9600000-7f60d9900000 rw-p 00000000 00:00 0 
7f60d9900000-7f60d9a00000 rw-p 00000000 00:00 0 
7f60d9a00000-7f60d9c00000 rw-p 00000000 00:00 0 
7f60d9cef000-7f60d9cf0000 ---p 00000000 00:00 0 
7f60d9cf0000-7f60d9df1000 rw-p 00000000 00:00 0 
7f60d9df1000-7f60d9df2000 ---p 00000000 00:00 0 
7f60d9df2000-7f60d9ef3000 rw-p 00000000 00:00 0 
7f60d9ef3000-7f60d9ef4000 ---p 00000000 00:00 0 
7f60d9ef4000-7f60d9ff5000 rw-p 00000000 00:00 0 
7f60d9ff5000-7f60d9ff9000 ---p 00000000 00:00 0 
7f60d9ff9000-7f60da0f6000 rw-p 00000000 00:00 0 
7f60da0f6000-7f60da0fa000 ---p 00000000 00:00 0 
7f60da0fa000-7f60da1f7000 rw-p 00000000 00:00 0 
7f60da1f7000-7f60da1fb000 ---p 00000000 00:00 0 
7f60da1fb000-7f60da2f8000 rw-p 00000000 00:00 0 
7f60da2f8000-7f60da2fc000 ---p 00000000 00:00 0 
7f60da2fc000-7f60da3f9000 rw-p 00000000 00:00 0 
7f60da3f9000-7f60da3fd000 ---p 00000000 00:00 0 
7f60da3fd000-7f60da4fa000 rw-p 00000000 00:00 0 
7f60da4fa000-7f60da4fb000 ---p 00000000 00:00 0 
7f60da4fb000-7f60da5fc000 rw-p 00000000 00:00 0 
7f60da5fc000-7f60da5fd000 ---p 00000000 00:00 0 
7f60da5fd000-7f60da6fe000 rw-p 00000000 00:00 0 
7f60da6fe000-7f60da6ff000 ---p 00000000 00:00 0 
7f60da6ff000-7f60da900000 rw-p 00000000 00:00 0 
7f60da900000-7f60daa00000 rw-p 00000000 00:00 0 
7f60daa00000-7f60db000000 rw-p 00000000 00:00 0 
7f60db0e6000-7f60db0e7000 ---p 00000000 00:00 0 
7f60db0e7000-7f60db1e8000 rw-p 00000000 00:00 0 
7f60db1e8000-7f60db1e9000 ---p 00000000 00:00 0 
7f60db1e9000-7f60db2ea000 rw-p 00000000 00:00 0 
7f60db2ea000-7f60db2eb000 ---p 00000000 00:00 0 
7f60db2eb000-7f60db3ec000 rw-p 00000000 00:00 0 
7f60db3ec000-7f60db3f0000 ---p 00000000 00:00 0 
7f60db3f0000-7f60db4ed000 rw-p 00000000 00:00 0 
7f60db4ed000-7f60db4fd000 r-xp 00000000 08:02 661518                     /home/czq841/.config/Code/User/globalStorage/redhat.java/1.15.0/config_linux/org.eclipse.equinox.launcher/org.eclipse.equinox.launcher.gtk.linux.x86_64_1.2.700.v20221108-1024/eclipse_11801.so
7f60db4fd000-7f60db6fc000 ---p 00010000 08:02 661518                     /home/czq841/.config/Code/User/globalStorage/redhat.java/1.15.0/config_linux/org.eclipse.equinox.launcher/org.eclipse.equinox.launcher.gtk.linux.x86_64_1.2.700.v20221108-1024/eclipse_11801.so
7f60db6fc000-7f60db6fd000 r--p 0000f000 08:02 661518                     /home/czq841/.config/Code/User/globalStorage/redhat.java/1.15.0/config_linux/org.eclipse.equinox.launcher/org.eclipse.equinox.launcher.gtk.linux.x86_64_1.2.700.v20221108-1024/eclipse_11801.so
7f60db6fd000-7f60db6fe000 rw-p 00010000 08:02 661518                     /home/czq841/.config/Code/User/globalStorage/redhat.java/1.15.0/config_linux/org.eclipse.equinox.launcher/org.eclipse.equinox.launcher.gtk.linux.x86_64_1.2.700.v20221108-1024/eclipse_11801.so
7f60db6fe000-7f60db6ff000 rw-p 00000000 00:00 0 
7f60db6ff000-7f60db703000 ---p 00000000 00:00 0 
7f60db703000-7f60db900000 rw-p 00000000 00:00 0 
7f60db900000-7f60dbb00000 rw-p 00000000 00:00 0 
7f60dbb00000-7f60dbc00000 rw-p 00000000 00:00 0 
7f60dbc00000-7f60dbd80000 rw-p 00000000 00:00 0 
7f60dbd80000-7f60dbf00000 rw-p 00000000 00:00 0 
7f60dbf00000-7f60dc000000 rw-p 00000000 00:00 0 
7f60dc000000-7f60dc021000 rw-p 00000000 00:00 0 
7f60dc021000-7f60e0000000 ---p 00000000 00:00 0 
7f60e0000000-7f60e0021000 rw-p 00000000 00:00 0 
7f60e0021000-7f60e4000000 ---p 00000000 00:00 0 
7f60e4000000-7f60e42bd000 rw-p 00000000 00:00 0 
7f60e42bd000-7f60e8000000 ---p 00000000 00:00 0 
7f60e8000000-7f60e86c5000 rw-p 00000000 00:00 0 
7f60e86c5000-7f60ec000000 ---p 00000000 00:00 0 
7f60ec000000-7f60ec2c8000 rw-p 00000000 00:00 0 
7f60ec2c8000-7f60f0000000 ---p 00000000 00:00 0 
7f60f0000000-7f60f031a000 rw-p 00000000 00:00 0 
7f60f031a000-7f60f4000000 ---p 00000000 00:00 0 
7f60f4000000-7f60f4021000 rw-p 00000000 00:00 0 
7f60f4021000-7f60f8000000 ---p 00000000 00:00 0 
7f60f8000000-7f60f849c000 rw-p 00000000 00:00 0 
7f60f849c000-7f60fc000000 ---p 00000000 00:00 0 
7f60fc000000-7f60fc3da000 rw-p 00000000 00:00 0 
7f60fc3da000-7f6100000000 ---p 00000000 00:00 0 
7f6100000000-7f6100021000 rw-p 00000000 00:00 0 
7f6100021000-7f6104000000 ---p 00000000 00:00 0 
7f6104000000-7f6104021000 rw-p 00000000 00:00 0 
7f6104021000-7f6108000000 ---p 00000000 00:00 0 
7f6108000000-7f6109d61000 rw-p 00000000 00:00 0 
7f6109d61000-7f610c000000 ---p 00000000 00:00 0 
7f610c000000-7f610c021000 rw-p 00000000 00:00 0 
7f610c021000-7f6110000000 ---p 00000000 00:00 0 
7f6110000000-7f6110021000 rw-p 00000000 00:00 0 
7f6110021000-7f6114000000 ---p 00000000 00:00 0 
7f6114000000-7f6114021000 rw-p 00000000 00:00 0 
7f6114021000-7f6118000000 ---p 00000000 00:00 0 
7f6118000000-7f6118021000 rw-p 00000000 00:00 0 
7f6118021000-7f611c000000 ---p 00000000 00:00 0 
7f611c000000-7f611c021000 rw-p 00000000 00:00 0 
7f611c021000-7f6120000000 ---p 00000000 00:00 0 
7f6120051000-7f6120055000 ---p 00000000 00:00 0 
7f6120055000-7f6120152000 rw-p 00000000 00:00 0 
7f6120152000-7f6120156000 ---p 00000000 00:00 0 
7f6120156000-7f6120253000 rw-p 00000000 00:00 0 
7f6120253000-7f6120254000 ---p 00000000 00:00 0 
7f6120254000-7f6120355000 rw-p 00000000 00:00 0 
7f6120355000-7f6120356000 ---p 00000000 00:00 0 
7f6120356000-7f6120457000 rw-p 00000000 00:00 0 
7f6120457000-7f6120458000 ---p 00000000 00:00 0 
7f6120458000-7f6120559000 rw-p 00000000 00:00 0 
7f6120559000-7f612055a000 ---p 00000000 00:00 0 
7f612055a000-7f612065b000 rw-p 00000000 00:00 0 
7f612065b000-7f612065c000 ---p 00000000 00:00 0 
7f612065c000-7f612075d000 rw-p 00000000 00:00 0 
7f612075d000-7f612075e000 ---p 00000000 00:00 0 
7f612075e000-7f612085f000 rw-p 00000000 00:00 0 
7f612085f000-7f6120863000 ---p 00000000 00:00 0 
7f6120863000-7f6120960000 rw-p 00000000 00:00 0 
7f6120960000-7f6120964000 ---p 00000000 00:00 0 
7f6120964000-7f6120a61000 rw-p 00000000 00:00 0 
7f6120a61000-7f6120a65000 ---p 00000000 00:00 0 
7f6120a65000-7f6120b62000 rw-p 00000000 00:00 0 
7f6120b62000-7f6120b66000 ---p 00000000 00:00 0 
7f6120b66000-7f6120c63000 rw-p 00000000 00:00 0 
7f6120c63000-7f6120c67000 ---p 00000000 00:00 0 
7f6120c67000-7f6120d64000 rw-p 00000000 00:00 0 
7f6120d64000-7f6120d68000 ---p 00000000 00:00 0 
7f6120d68000-7f6120e65000 rw-p 00000000 00:00 0 
7f6120e65000-7f6120e69000 ---p 00000000 00:00 0 
7f6120e69000-7f6120f66000 rw-p 00000000 00:00 0 
7f6120f66000-7f6120f6a000 ---p 00000000 00:00 0 
7f6120f6a000-7f6121067000 rw-p 00000000 00:00 0 
7f6121067000-7f612106b000 ---p 00000000 00:00 0 
7f612106b000-7f6121168000 rw-p 00000000 00:00 0 
7f6121168000-7f612116c000 ---p 00000000 00:00 0 
7f612116c000-7f6121269000 rw-p 00000000 00:00 0 
7f6121269000-7f612126d000 ---p 00000000 00:00 0 
7f612126d000-7f612136a000 rw-p 00000000 00:00 0 
7f612136a000-7f612136e000 ---p 00000000 00:00 0 
7f612136e000-7f612146b000 rw-p 00000000 00:00 0 
7f612146b000-7f612146f000 ---p 00000000 00:00 0 
7f612146f000-7f612156c000 rw-p 00000000 00:00 0 
7f612156c000-7f6121ddd000 r--p 00000000 08:02 1311520                    /usr/lib/locale/locale-archive
7f6121ddd000-7f6121de1000 ---p 00000000 00:00 0 
7f6121de1000-7f6121ede000 rw-p 00000000 00:00 0 
7f6121ede000-7f6121ee2000 ---p 00000000 00:00 0 
7f6121ee2000-7f6121fdf000 rw-p 00000000 00:00 0 
7f6121fdf000-7f6121fe0000 ---p 00000000 00:00 0 
7f6121fe0000-7f6124000000 rw-p 00000000 00:00 0 
7f6124000000-7f6124021000 rw-p 00000000 00:00 0 
7f6124021000-7f6128000000 ---p 00000000 00:00 0 
7f61280e9000-7f6129c00000 rw-p 00000000 00:00 0 
7f6129c00000-7f6129c80000 rw-p 00000000 00:00 0 
7f6129c80000-7f6129d00000 rw-p 00000000 00:00 0 
7f6129d00000-7f612a000000 rw-p 00000000 00:00 0 
7f612a06a000-7f612a06b000 r--p 00000000 08:02 1310843                    /usr/lib/x86_64-linux-gnu/libnss_dns-2.31.so
7f612a06b000-7f612a06f000 r-xp 00001000 08:02 1310843                    /usr/lib/x86_64-linux-gnu/libnss_dns-2.31.so
7f612a06f000-7f612a070000 r--p 00005000 08:02 1310843                    /usr/lib/x86_64-linux-gnu/libnss_dns-2.31.so
7f612a070000-7f612a071000 r--p 00005000 08:02 1310843                    /usr/lib/x86_64-linux-gnu/libnss_dns-2.31.so
7f612a071000-7f612a072000 rw-p 00006000 08:02 1310843                    /usr/lib/x86_64-linux-gnu/libnss_dns-2.31.so
7f612a072000-7f612a076000 r--p 00000000 08:02 1310887                    /usr/lib/x86_64-linux-gnu/libresolv-2.31.so
7f612a076000-7f612a086000 r-xp 00004000 08:02 1310887                    /usr/lib/x86_64-linux-gnu/libresolv-2.31.so
7f612a086000-7f612a08a000 r--p 00014000 08:02 1310887                    /usr/lib/x86_64-linux-gnu/libresolv-2.31.so
7f612a08a000-7f612a08b000 r--p 00017000 08:02 1310887                    /usr/lib/x86_64-linux-gnu/libresolv-2.31.so
7f612a08b000-7f612a08c000 rw-p 00018000 08:02 1310887                    /usr/lib/x86_64-linux-gnu/libresolv-2.31.so
7f612a08c000-7f612a08e000 rw-p 00000000 00:00 0 
7f612a090000-7f612a092000 r--p 00000000 08:02 533412                     /home/czq841/.vscode/extensions/redhat.java-1.15.0-linux-x64/jre/17.0.6-linux-x86_64/lib/libmanagement_ext.so
7f612a092000-7f612a095000 r-xp 00002000 08:02 533412                     /home/czq841/.vscode/extensions/redhat.java-1.15.0-linux-x64/jre/17.0.6-linux-x86_64/lib/libmanagement_ext.so
7f612a095000-7f612a096000 r--p 00005000 08:02 533412                     /home/czq841/.vscode/extensions/redhat.java-1.15.0-linux-x64/jre/17.0.6-linux-x86_64/lib/libmanagement_ext.so
7f612a096000-7f612a097000 ---p 00006000 08:02 533412                     /home/czq841/.vscode/extensions/redhat.java-1.15.0-linux-x64/jre/17.0.6-linux-x86_64/lib/libmanagement_ext.so
7f612a097000-7f612a098000 r--p 00006000 08:02 533412                     /home/czq841/.vscode/extensions/redhat.java-1.15.0-linux-x64/jre/17.0.6-linux-x86_64/lib/libmanagement_ext.so
7f612a098000-7f612a099000 rw-p 00007000 08:02 533412                     /home/czq841/.vscode/extensions/redhat.java-1.15.0-linux-x64/jre/17.0.6-linux-x86_64/lib/libmanagement_ext.so
7f612a099000-7f612a09c000 r--p 00000000 08:02 533415                     /home/czq841/.vscode/extensions/redhat.java-1.15.0-linux-x64/jre/17.0.6-linux-x86_64/lib/libmanagement.so
7f612a09c000-7f612a09d000 r-xp 00003000 08:02 533415                     /home/czq841/.vscode/extensions/redhat.java-1.15.0-linux-x64/jre/17.0.6-linux-x86_64/lib/libmanagement.so
7f612a09d000-7f612a09e000 r--p 00004000 08:02 533415                     /home/czq841/.vscode/extensions/redhat.java-1.15.0-linux-x64/jre/17.0.6-linux-x86_64/lib/libmanagement.so
7f612a09e000-7f612a09f000 r--p 00004000 08:02 533415                     /home/czq841/.vscode/extensions/redhat.java-1.15.0-linux-x64/jre/17.0.6-linux-x86_64/lib/libmanagement.so
7f612a09f000-7f612a0a0000 rw-p 00005000 08:02 533415                     /home/czq841/.vscode/extensions/redhat.java-1.15.0-linux-x64/jre/17.0.6-linux-x86_64/lib/libmanagement.so
7f612a0a0000-7f612a0a1000 r--p 00000000 08:02 533300                     /home/czq841/.vscode/extensions/redhat.java-1.15.0-linux-x64/jre/17.0.6-linux-x86_64/lib/libextnet.so
7f612a0a1000-7f612a0a2000 r-xp 00001000 08:02 533300                     /home/czq841/.vscode/extensions/redhat.java-1.15.0-linux-x64/jre/17.0.6-linux-x86_64/lib/libextnet.so
7f612a0a2000-7f612a0a3000 r--p 00002000 08:02 533300                     /home/czq841/.vscode/extensions/redhat.java-1.15.0-linux-x64/jre/17.0.6-linux-x86_64/lib/libextnet.so
7f612a0a3000-7f612a0a4000 r--p 00002000 08:02 533300                     /home/czq841/.vscode/extensions/redhat.java-1.15.0-linux-x64/jre/17.0.6-linux-x86_64/lib/libextnet.so
7f612a0a4000-7f612a0a5000 rw-p 00003000 08:02 533300                     /home/czq841/.vscode/extensions/redhat.java-1.15.0-linux-x64/jre/17.0.6-linux-x86_64/lib/libextnet.so
7f612a0a5000-7f612a0a9000 ---p 00000000 00:00 0 
7f612a0a9000-7f612a0c7000 rw-p 00000000 00:00 0 
7f612a0c7000-7f612a0e9000 r--p 00000000 08:02 3542379                    /usr/share/locale-langpack/zh_CN/LC_MESSAGES/libc.mo
7f612a0e9000-7f612a3ec000 rw-p 00000000 00:00 0 
7f612a3ec000-7f612b2cc000 rwxp 00000000 00:00 0 
7f612b2cc000-7f613184b000 ---p 00000000 00:00 0 
7f613184b000-7f6131b5b000 rwxp 00000000 00:00 0 
7f6131b5b000-7f6131f8c000 ---p 00000000 00:00 0 
7f6131f8c000-7f613260c000 rwxp 00000000 00:00 0 
7f613260c000-7f61393ec000 ---p 00000000 00:00 0 
7f61393ec000-7f613c000000 r--s 00000000 08:02 533591                     /home/czq841/.vscode/extensions/redhat.java-1.15.0-linux-x64/jre/17.0.6-linux-x86_64/lib/modules
7f613c000000-7f613c78f000 rw-p 00000000 00:00 0 
7f613c78f000-7f6140000000 ---p 00000000 00:00 0 
7f6140003000-7f6140004000 r--p 00000000 08:02 1318890                    /usr/lib/x86_64-linux-gnu/libnss_mdns4_minimal.so.2
7f6140004000-7f6140006000 r-xp 00001000 08:02 1318890                    /usr/lib/x86_64-linux-gnu/libnss_mdns4_minimal.so.2
7f6140006000-7f6140007000 r--p 00003000 08:02 1318890                    /usr/lib/x86_64-linux-gnu/libnss_mdns4_minimal.so.2
7f6140007000-7f6140008000 r--p 00003000 08:02 1318890                    /usr/lib/x86_64-linux-gnu/libnss_mdns4_minimal.so.2
7f6140008000-7f6140009000 rw-p 00004000 08:02 1318890                    /usr/lib/x86_64-linux-gnu/libnss_mdns4_minimal.so.2
7f6140009000-7f614000d000 r--p 00000000 08:02 533586                     /home/czq841/.vscode/extensions/redhat.java-1.15.0-linux-x64/jre/17.0.6-linux-x86_64/lib/libverify.so
7f614000d000-7f6140014000 r-xp 00004000 08:02 533586                     /home/czq841/.vscode/extensions/redhat.java-1.15.0-linux-x64/jre/17.0.6-linux-x86_64/lib/libverify.so
7f6140014000-7f6140016000 r--p 0000b000 08:02 533586                     /home/czq841/.vscode/extensions/redhat.java-1.15.0-linux-x64/jre/17.0.6-linux-x86_64/lib/libverify.so
7f6140016000-7f6140018000 r--p 0000c000 08:02 533586                     /home/czq841/.vscode/extensions/redhat.java-1.15.0-linux-x64/jre/17.0.6-linux-x86_64/lib/libverify.so
7f6140018000-7f6140019000 rw-p 0000e000 08:02 533586                     /home/czq841/.vscode/extensions/redhat.java-1.15.0-linux-x64/jre/17.0.6-linux-x86_64/lib/libverify.so
7f6140019000-7f614001d000 r--p 00000000 08:02 533432                     /home/czq841/.vscode/extensions/redhat.java-1.15.0-linux-x64/jre/17.0.6-linux-x86_64/lib/libnet.so
7f614001d000-7f614002b000 r-xp 00004000 08:02 533432                     /home/czq841/.vscode/extensions/redhat.java-1.15.0-linux-x64/jre/17.0.6-linux-x86_64/lib/libnet.so
7f614002b000-7f614002f000 r--p 00012000 08:02 533432                     /home/czq841/.vscode/extensions/redhat.java-1.15.0-linux-x64/jre/17.0.6-linux-x86_64/lib/libnet.so
7f614002f000-7f6140030000 r--p 00015000 08:02 533432                     /home/czq841/.vscode/extensions/redhat.java-1.15.0-linux-x64/jre/17.0.6-linux-x86_64/lib/libnet.so
7f6140030000-7f6140031000 rw-p 00016000 08:02 533432                     /home/czq841/.vscode/extensions/redhat.java-1.15.0-linux-x64/jre/17.0.6-linux-x86_64/lib/libnet.so
7f6140031000-7f6140038000 r--p 00000000 08:02 533437                     /home/czq841/.vscode/extensions/redhat.java-1.15.0-linux-x64/jre/17.0.6-linux-x86_64/lib/libnio.so
7f6140038000-7f6140041000 r-xp 00007000 08:02 533437                     /home/czq841/.vscode/extensions/redhat.java-1.15.0-linux-x64/jre/17.0.6-linux-x86_64/lib/libnio.so
7f6140041000-7f6140045000 r--p 00010000 08:02 533437                     /home/czq841/.vscode/extensions/redhat.java-1.15.0-linux-x64/jre/17.0.6-linux-x86_64/lib/libnio.so
7f6140045000-7f6140046000 ---p 00014000 08:02 533437                     /home/czq841/.vscode/extensions/redhat.java-1.15.0-linux-x64/jre/17.0.6-linux-x86_64/lib/libnio.so
7f6140046000-7f6140047000 r--p 00014000 08:02 533437                     /home/czq841/.vscode/extensions/redhat.java-1.15.0-linux-x64/jre/17.0.6-linux-x86_64/lib/libnio.so
7f6140047000-7f6140048000 rw-p 00015000 08:02 533437                     /home/czq841/.vscode/extensions/redhat.java-1.15.0-linux-x64/jre/17.0.6-linux-x86_64/lib/libnio.so
7f6140048000-7f614004a000 r--p 00000000 08:02 533589                     /home/czq841/.vscode/extensions/redhat.java-1.15.0-linux-x64/jre/17.0.6-linux-x86_64/lib/libzip.so
7f614004a000-7f614004e000 r-xp 00002000 08:02 533589                     /home/czq841/.vscode/extensions/redhat.java-1.15.0-linux-x64/jre/17.0.6-linux-x86_64/lib/libzip.so
7f614004e000-7f6140050000 r--p 00006000 08:02 533589                     /home/czq841/.vscode/extensions/redhat.java-1.15.0-linux-x64/jre/17.0.6-linux-x86_64/lib/libzip.so
7f6140050000-7f6140051000 r--p 00007000 08:02 533589                     /home/czq841/.vscode/extensions/redhat.java-1.15.0-linux-x64/jre/17.0.6-linux-x86_64/lib/libzip.so
7f6140051000-7f6140052000 rw-p 00008000 08:02 533589                     /home/czq841/.vscode/extensions/redhat.java-1.15.0-linux-x64/jre/17.0.6-linux-x86_64/lib/libzip.so
7f6140052000-7f61423a5000 rw-p 00000000 00:00 0 
7f61423a5000-7f61424d9000 ---p 00000000 00:00 0 
7f61424d9000-7f61424da000 ---p 00000000 00:00 0 
7f61424da000-7f61425fd000 rw-p 00000000 00:00 0 
7f61425fd000-7f6142730000 ---p 00000000 00:00 0 
7f6142730000-7f614273a000 rw-p 00000000 00:00 0 
7f614273a000-7f61427db000 ---p 00000000 00:00 0 
7f61427db000-7f61427e9000 rw-p 00000000 00:00 0 
7f61427e9000-7f61428c5000 ---p 00000000 00:00 0 
7f61428c5000-7f61428e3000 rw-p 00000000 00:00 0 
7f61428e3000-7f61429ae000 ---p 00000000 00:00 0 
7f61429ae000-7f61429b1000 r--p 00000000 08:02 1310844                    /usr/lib/x86_64-linux-gnu/libnss_files-2.31.so
7f61429b1000-7f61429b8000 r-xp 00003000 08:02 1310844                    /usr/lib/x86_64-linux-gnu/libnss_files-2.31.so
7f61429b8000-7f61429ba000 r--p 0000a000 08:02 1310844                    /usr/lib/x86_64-linux-gnu/libnss_files-2.31.so
7f61429ba000-7f61429bb000 r--p 0000b000 08:02 1310844                    /usr/lib/x86_64-linux-gnu/libnss_files-2.31.so
7f61429bb000-7f61429bc000 rw-p 0000c000 08:02 1310844                    /usr/lib/x86_64-linux-gnu/libnss_files-2.31.so
7f61429bc000-7f61429c2000 rw-p 00000000 00:00 0 
7f61429c3000-7f61429ca000 r--s 00000000 08:02 1971333                    /usr/lib/x86_64-linux-gnu/gconv/gconv-modules.cache
7f61429ca000-7f61429d1000 rw-p 00000000 00:00 0 
7f61429d1000-7f61429d9000 ---p 00000000 00:00 0 
7f61429d9000-7f61429e6000 r--p 00000000 08:02 533366                     /home/czq841/.vscode/extensions/redhat.java-1.15.0-linux-x64/jre/17.0.6-linux-x86_64/lib/libjava.so
7f61429e6000-7f61429f8000 r-xp 0000d000 08:02 533366                     /home/czq841/.vscode/extensions/redhat.java-1.15.0-linux-x64/jre/17.0.6-linux-x86_64/lib/libjava.so
7f61429f8000-7f61429fe000 r--p 0001f000 08:02 533366                     /home/czq841/.vscode/extensions/redhat.java-1.15.0-linux-x64/jre/17.0.6-linux-x86_64/lib/libjava.so
7f61429fe000-7f61429ff000 ---p 00025000 08:02 533366                     /home/czq841/.vscode/extensions/redhat.java-1.15.0-linux-x64/jre/17.0.6-linux-x86_64/lib/libjava.so
7f61429ff000-7f6142a00000 r--p 00025000 08:02 533366                     /home/czq841/.vscode/extensions/redhat.java-1.15.0-linux-x64/jre/17.0.6-linux-x86_64/lib/libjava.so
7f6142a00000-7f6142a01000 rw-p 00026000 08:02 533366                     /home/czq841/.vscode/extensions/redhat.java-1.15.0-linux-x64/jre/17.0.6-linux-x86_64/lib/libjava.so
7f6142a01000-7f6142a02000 rw-p 00000000 00:00 0 
7f6142a02000-7f6142a06000 r--p 00000000 08:02 533385                     /home/czq841/.vscode/extensions/redhat.java-1.15.0-linux-x64/jre/17.0.6-linux-x86_64/lib/libjimage.so
7f6142a06000-7f6142a19000 r-xp 00004000 08:02 533385                     /home/czq841/.vscode/extensions/redhat.java-1.15.0-linux-x64/jre/17.0.6-linux-x86_64/lib/libjimage.so
7f6142a19000-7f6142a1f000 r--p 00017000 08:02 533385                     /home/czq841/.vscode/extensions/redhat.java-1.15.0-linux-x64/jre/17.0.6-linux-x86_64/lib/libjimage.so
7f6142a1f000-7f6142a21000 r--p 0001c000 08:02 533385                     /home/czq841/.vscode/extensions/redhat.java-1.15.0-linux-x64/jre/17.0.6-linux-x86_64/lib/libjimage.so
7f6142a21000-7f6142a22000 rw-p 0001e000 08:02 533385                     /home/czq841/.vscode/extensions/redhat.java-1.15.0-linux-x64/jre/17.0.6-linux-x86_64/lib/libjimage.so
7f6142a22000-7f6142a26000 ---p 00000000 00:00 0 
7f6142a26000-7f6142b23000 rw-p 00000000 00:00 0 
7f6142b23000-7f6142b30000 r--p 00000000 08:02 1310821                    /usr/lib/x86_64-linux-gnu/libm-2.31.so
7f6142b30000-7f6142bd7000 r-xp 0000d000 08:02 1310821                    /usr/lib/x86_64-linux-gnu/libm-2.31.so
7f6142bd7000-7f6142c70000 r--p 000b4000 08:02 1310821                    /usr/lib/x86_64-linux-gnu/libm-2.31.so
7f6142c70000-7f6142c71000 r--p 0014c000 08:02 1310821                    /usr/lib/x86_64-linux-gnu/libm-2.31.so
7f6142c71000-7f6142c72000 rw-p 0014d000 08:02 1310821                    /usr/lib/x86_64-linux-gnu/libm-2.31.so
7f6142c72000-7f6142c74000 r--p 00000000 08:02 1310897                    /usr/lib/x86_64-linux-gnu/librt-2.31.so
7f6142c74000-7f6142c78000 r-xp 00002000 08:02 1310897                    /usr/lib/x86_64-linux-gnu/librt-2.31.so
7f6142c78000-7f6142c7a000 r--p 00006000 08:02 1310897                    /usr/lib/x86_64-linux-gnu/librt-2.31.so
7f6142c7a000-7f6142c7b000 r--p 00007000 08:02 1310897                    /usr/lib/x86_64-linux-gnu/librt-2.31.so
7f6142c7b000-7f6142c7c000 rw-p 00008000 08:02 1310897                    /usr/lib/x86_64-linux-gnu/librt-2.31.so
7f6142c7c000-7f6142ece000 r--p 00000000 08:02 533967                     /home/czq841/.vscode/extensions/redhat.java-1.15.0-linux-x64/jre/17.0.6-linux-x86_64/lib/server/libjvm.so
7f6142ece000-7f6143beb000 r-xp 00252000 08:02 533967                     /home/czq841/.vscode/extensions/redhat.java-1.15.0-linux-x64/jre/17.0.6-linux-x86_64/lib/server/libjvm.so
7f6143beb000-7f6143e77000 r--p 00f6f000 08:02 533967                     /home/czq841/.vscode/extensions/redhat.java-1.15.0-linux-x64/jre/17.0.6-linux-x86_64/lib/server/libjvm.so
7f6143e77000-7f6143f30000 r--p 011fa000 08:02 533967                     /home/czq841/.vscode/extensions/redhat.java-1.15.0-linux-x64/jre/17.0.6-linux-x86_64/lib/server/libjvm.so
7f6143f30000-7f6143f65000 rw-p 012b3000 08:02 533967                     /home/czq841/.vscode/extensions/redhat.java-1.15.0-linux-x64/jre/17.0.6-linux-x86_64/lib/server/libjvm.so
7f6143f65000-7f6143fc1000 rw-p 00000000 00:00 0 
7f6143fc1000-7f6143fe3000 r--p 00000000 08:02 1310796                    /usr/lib/x86_64-linux-gnu/libc-2.31.so
7f6143fe3000-7f614415b000 r-xp 00022000 08:02 1310796                    /usr/lib/x86_64-linux-gnu/libc-2.31.so
7f614415b000-7f61441a9000 r--p 0019a000 08:02 1310796                    /usr/lib/x86_64-linux-gnu/libc-2.31.so
7f61441a9000-7f61441ad000 r--p 001e7000 08:02 1310796                    /usr/lib/x86_64-linux-gnu/libc-2.31.so
7f61441ad000-7f61441af000 rw-p 001eb000 08:02 1310796                    /usr/lib/x86_64-linux-gnu/libc-2.31.so
7f61441af000-7f61441b3000 rw-p 00000000 00:00 0 
7f61441b3000-7f61441b4000 r--p 00000000 08:02 1310820                    /usr/lib/x86_64-linux-gnu/libdl-2.31.so
7f61441b4000-7f61441b6000 r-xp 00001000 08:02 1310820                    /usr/lib/x86_64-linux-gnu/libdl-2.31.so
7f61441b6000-7f61441b7000 r--p 00003000 08:02 1310820                    /usr/lib/x86_64-linux-gnu/libdl-2.31.so
7f61441b7000-7f61441b8000 r--p 00003000 08:02 1310820                    /usr/lib/x86_64-linux-gnu/libdl-2.31.so
7f61441b8000-7f61441b9000 rw-p 00004000 08:02 1310820                    /usr/lib/x86_64-linux-gnu/libdl-2.31.so
7f61441b9000-7f61441bf000 r--p 00000000 08:02 1310871                    /usr/lib/x86_64-linux-gnu/libpthread-2.31.so
7f61441bf000-7f61441d0000 r-xp 00006000 08:02 1310871                    /usr/lib/x86_64-linux-gnu/libpthread-2.31.so
7f61441d0000-7f61441d6000 r--p 00017000 08:02 1310871                    /usr/lib/x86_64-linux-gnu/libpthread-2.31.so
7f61441d6000-7f61441d7000 r--p 0001c000 08:02 1310871                    /usr/lib/x86_64-linux-gnu/libpthread-2.31.so
7f61441d7000-7f61441d8000 rw-p 0001d000 08:02 1310871                    /usr/lib/x86_64-linux-gnu/libpthread-2.31.so
7f61441d8000-7f61441dc000 rw-p 00000000 00:00 0 
7f61441dc000-7f61441df000 r--p 00000000 08:02 533389                     /home/czq841/.vscode/extensions/redhat.java-1.15.0-linux-x64/jre/17.0.6-linux-x86_64/lib/libjli.so
7f61441df000-7f61441e9000 r-xp 00003000 08:02 533389                     /home/czq841/.vscode/extensions/redhat.java-1.15.0-linux-x64/jre/17.0.6-linux-x86_64/lib/libjli.so
7f61441e9000-7f61441ec000 r--p 0000d000 08:02 533389                     /home/czq841/.vscode/extensions/redhat.java-1.15.0-linux-x64/jre/17.0.6-linux-x86_64/lib/libjli.so
7f61441ec000-7f61441ed000 ---p 00010000 08:02 533389                     /home/czq841/.vscode/extensions/redhat.java-1.15.0-linux-x64/jre/17.0.6-linux-x86_64/lib/libjli.so
7f61441ed000-7f61441ee000 r--p 00010000 08:02 533389                     /home/czq841/.vscode/extensions/redhat.java-1.15.0-linux-x64/jre/17.0.6-linux-x86_64/lib/libjli.so
7f61441ee000-7f61441ef000 rw-p 00011000 08:02 533389                     /home/czq841/.vscode/extensions/redhat.java-1.15.0-linux-x64/jre/17.0.6-linux-x86_64/lib/libjli.so
7f61441ef000-7f61441f1000 r--p 00000000 08:02 1310914                    /usr/lib/x86_64-linux-gnu/libz.so.1.2.11
7f61441f1000-7f6144202000 r-xp 00002000 08:02 1310914                    /usr/lib/x86_64-linux-gnu/libz.so.1.2.11
7f6144202000-7f6144208000 r--p 00013000 08:02 1310914                    /usr/lib/x86_64-linux-gnu/libz.so.1.2.11
7f6144208000-7f6144209000 ---p 00019000 08:02 1310914                    /usr/lib/x86_64-linux-gnu/libz.so.1.2.11
7f6144209000-7f614420a000 r--p 00019000 08:02 1310914                    /usr/lib/x86_64-linux-gnu/libz.so.1.2.11
7f614420a000-7f614420b000 rw-p 0001a000 08:02 1310914                    /usr/lib/x86_64-linux-gnu/libz.so.1.2.11
7f614420b000-7f6144213000 rw-s 00000000 08:02 8519782                    /tmp/hsperfdata_czq841/7335
7f6144213000-7f6144215000 r--p 00000000 08:02 533351                     /home/czq841/.vscode/extensions/redhat.java-1.15.0-linux-x64/jre/17.0.6-linux-x86_64/lib/libinstrument.so
7f6144215000-7f614421b000 r-xp 00002000 08:02 533351                     /home/czq841/.vscode/extensions/redhat.java-1.15.0-linux-x64/jre/17.0.6-linux-x86_64/lib/libinstrument.so
7f614421b000-7f614421e000 r--p 00008000 08:02 533351                     /home/czq841/.vscode/extensions/redhat.java-1.15.0-linux-x64/jre/17.0.6-linux-x86_64/lib/libinstrument.so
7f614421e000-7f614421f000 r--p 0000a000 08:02 533351                     /home/czq841/.vscode/extensions/redhat.java-1.15.0-linux-x64/jre/17.0.6-linux-x86_64/lib/libinstrument.so
7f614421f000-7f6144220000 rw-p 0000b000 08:02 533351                     /home/czq841/.vscode/extensions/redhat.java-1.15.0-linux-x64/jre/17.0.6-linux-x86_64/lib/libinstrument.so
7f6144220000-7f6144221000 ---p 00000000 00:00 0 
7f6144221000-7f6144222000 r--p 00000000 00:00 0 
7f6144222000-7f6144224000 rw-p 00000000 00:00 0 
7f6144224000-7f6144225000 r--p 00000000 08:02 1310784                    /usr/lib/x86_64-linux-gnu/ld-2.31.so
7f6144225000-7f6144248000 r-xp 00001000 08:02 1310784                    /usr/lib/x86_64-linux-gnu/ld-2.31.so
7f6144248000-7f6144250000 r--p 00024000 08:02 1310784                    /usr/lib/x86_64-linux-gnu/ld-2.31.so
7f6144250000-7f6144251000 ---p 00000000 00:00 0 
7f6144251000-7f6144252000 r--p 0002c000 08:02 1310784                    /usr/lib/x86_64-linux-gnu/ld-2.31.so
7f6144252000-7f6144253000 rw-p 0002d000 08:02 1310784                    /usr/lib/x86_64-linux-gnu/ld-2.31.so
7f6144253000-7f6144254000 rw-p 00000000 00:00 0 
7ffeacb2d000-7ffeacb4f000 rw-p 00000000 00:00 0                          [stack]
7ffeacb74000-7ffeacb78000 r--p 00000000 00:00 0                          [vvar]
7ffeacb78000-7ffeacb7a000 r-xp 00000000 00:00 0                          [vdso]
ffffffffff600000-ffffffffff601000 --xp 00000000 00:00 0                  [vsyscall]


VM Arguments:
jvm_args: --add-modules=ALL-SYSTEM --add-opens=java.base/java.util=ALL-UNNAMED --add-opens=java.base/java.lang=ALL-UNNAMED --add-opens=java.base/sun.nio.fs=ALL-UNNAMED -Declipse.application=org.eclipse.jdt.ls.core.id1 -Dosgi.bundles.defaultStartLevel=4 -Declipse.product=org.eclipse.jdt.ls.core.product -Djava.import.generatesMetadataFilesAtProjectRoot=false -Dfile.encoding=utf8 -XX:+UseParallelGC -XX:GCTimeRatio=4 -XX:AdaptiveSizePolicyWeight=90 -Dsun.zip.disableMemoryMapping=true -Xmx1G -Xms100m -Xlog:disable -javaagent:/home/czq841/.vscode/extensions/redhat.java-1.15.0-linux-x64/lombok/lombok-1.18.24.jar -XX:+HeapDumpOnOutOfMemoryError -XX:HeapDumpPath=/home/czq841/.config/Code/User/workspaceStorage/367d79030446cc927936b1068b4ee1aa/redhat.java 
java_command: /home/czq841/.vscode/extensions/redhat.java-1.15.0-linux-x64/server/plugins/org.eclipse.equinox.launcher_1.6.400.v20210924-0641.jar -configuration /home/czq841/.config/Code/User/globalStorage/redhat.java/1.15.0/config_linux -data /home/czq841/.config/Code/User/workspaceStorage/367d79030446cc927936b1068b4ee1aa/redhat.java/jdt_ws
java_class_path (initial): /home/czq841/.vscode/extensions/redhat.java-1.15.0-linux-x64/server/plugins/org.eclipse.equinox.launcher_1.6.400.v20210924-0641.jar
Launcher Type: SUN_STANDARD

[Global flags]
    uintx AdaptiveSizePolicyWeight                 = 90                                        {product} {command line}
     intx CICompilerCount                          = 12                                        {product} {ergonomic}
    uintx GCTimeRatio                              = 4                                         {product} {command line}
     bool HeapDumpOnOutOfMemoryError               = true                                   {manageable} {command line}
    ccstr HeapDumpPath                             = /home/czq841/.config/Code/User/workspaceStorage/367d79030446cc927936b1068b4ee1aa/redhat.java         {manageable} {command line}
   size_t InitialHeapSize                          = 104857600                                 {product} {command line}
   size_t MaxHeapSize                              = 1073741824                                {product} {command line}
   size_t MaxNewSize                               = 357564416                                 {product} {ergonomic}
   size_t MinHeapDeltaBytes                        = 524288                                    {product} {ergonomic}
   size_t MinHeapSize                              = 104857600                                 {product} {command line}
   size_t NewSize                                  = 34603008                                  {product} {ergonomic}
    uintx NonNMethodCodeHeapSize                   = 7602480                                {pd product} {ergonomic}
    uintx NonProfiledCodeHeapSize                  = 122027880                              {pd product} {ergonomic}
   size_t OldSize                                  = 70254592                                  {product} {ergonomic}
    uintx ProfiledCodeHeapSize                     = 122027880                              {pd product} {ergonomic}
    uintx ReservedCodeCacheSize                    = 251658240                              {pd product} {ergonomic}
     bool SegmentedCodeCache                       = true                                      {product} {ergonomic}
   size_t SoftMaxHeapSize                          = 1073741824                             {manageable} {ergonomic}
     bool UseCompressedClassPointers               = true                           {product lp64_product} {ergonomic}
     bool UseCompressedOops                        = true                           {product lp64_product} {ergonomic}
     bool UseParallelGC                            = true                                      {product} {command line}

Logging:
Log output configuration:
 #0: stdout all=off uptime,level,tags
 #1: stderr all=off uptime,level,tags

Environment Variables:
JAVA_HOME=/usr/lib/jvm/java-11-openjdk-amd64
CLASSPATH=.:.::/usr/lib/jvm/java-8-openjdk-amd64/lib:/usr/lib/jvm/java-8-openjdk-amd64/jre/lib:/usr/lib/jvm/java-8-openjdk-amd64/lib:/usr/lib/jvm/java-8-openjdk-amd64/jre/lib
PATH=/opt/node-v16.18.0-linux-x64/bin:/opt/node-v16.18.0-linux-x64/lib/node_modules/react-native-cli:/opt/node-v16.18.0-linux-x64/lib/node_modules/cordova/bin:/home/czq841/code/android-sdk-linux/platform-tools:/home/czq841/code/android-sdk-linux/tools:/home/czq841/code/android-sdk-linux/platform-tools:/home/czq841/code/android-sdk-linux/tools:/usr/local/sbin:/usr/local/bin:/usr/sbin:/usr/bin:/sbin:/bin:/usr/games:/usr/local/games:/snap/bin:/usr/lib/jvm/java-8-openjdk-amd64/bin:/usr/lib/jvm/java-8-openjdk-amd64/jre/bin:/home/czq841/.gradle/wrapper/dists/gradle-6.2-all/dvufqs6kielxeao781pmk5huj/gradle-6.2/bin:/usr/lib/jvm/java-8-openjdk-amd64/bin:/usr/lib/jvm/java-8-openjdk-amd64/jre/bin:/home/czq841/.gradle/wrapper/dists/gradle-6.2-all/dvufqs6kielxeao781pmk5huj/gradle-6.2/bin
USERNAME=czq841
SHELL=/bin/bash
DISPLAY=:0
LANG=zh_CN.UTF-8
LC_NUMERIC=zh_CN.UTF-8
LC_TIME=zh_CN.UTF-8

Signal Handlers:
   SIGSEGV: 0x00007f6143b5ad30 in libjvm.so+15592752, mask=11100100010111111101111111111110, flags=SA_RESTART|SA_SIGINFO
    SIGBUS: 0x00007f6143b5ad30 in libjvm.so+15592752, mask=11100100010111111101111111111110, flags=SA_RESTART|SA_SIGINFO
    SIGFPE: 0x00007f6143b5ad30 in libjvm.so+15592752, mask=11100100010111111101111111111110, flags=SA_RESTART|SA_SIGINFO
   SIGPIPE: 0x00007f6143a008a0 in libjvm.so+14174368, mask=11100100010111111101111111111110, flags=SA_RESTART|SA_SIGINFO
   SIGXFSZ: 0x00007f6143a008a0 in libjvm.so+14174368, mask=11100100010111111101111111111110, flags=SA_RESTART|SA_SIGINFO
    SIGILL: 0x00007f6143b5ad30 in libjvm.so+15592752, mask=11100100010111111101111111111110, flags=SA_RESTART|SA_SIGINFO
   SIGUSR2: 0x00007f61439fff40 in libjvm.so+14171968, mask=00000000000000000000000000000000, flags=SA_RESTART|SA_SIGINFO
  *** Handler was modified!
  *** Expected: 0x00007f613c363e40
[error occurred during error reporting (printing signal handlers), id 0x7, SIGBUS (0x7) at pc=0x00007f614388d314]


---------------  S Y S T E M  ---------------

OS:
DISTRIB_ID=Ubuntu
DISTRIB_RELEASE=20.04
DISTRIB_CODENAME=focal
DISTRIB_DESCRIPTION="Ubuntu 20.04.5 LTS"
uname: Linux 5.15.0-52-generic #58~20.04.1-Ubuntu SMP Thu Oct 13 13:09:46 UTC 2022 x86_64
OS uptime: 0 days 15:44 hours
libc: glibc 2.31 NPTL 2.31 
rlimit (soft/hard): STACK 8192k/infinity , CORE 0k/infinity , NPROC 63709/63709 , NOFILE 1048576/1048576 , AS infinity/infinity , CPU infinity/infinity , DATA infinity/infinity , FSIZE infinity/infinity , MEMLOCK 65536k/65536k
load average: 3.27 3.81 1.70

/proc/meminfo:
MemTotal:       16386628 kB
MemFree:         4131848 kB
MemAvailable:   13319732 kB
Buffers:         4691332 kB
Cached:          2717828 kB
SwapCached:           44 kB
Active:          5221036 kB
Inactive:        4162416 kB
Active(anon):       5124 kB
Inactive(anon):  2028524 kB
Active(file):    5215912 kB
Inactive(file):  2133892 kB
Unevictable:           0 kB
Mlocked:               0 kB
SwapTotal:      31998972 kB
SwapFree:       31994876 kB
Dirty:               548 kB
Writeback:             0 kB
AnonPages:       1974324 kB
Mapped:          1136032 kB
Shmem:             59356 kB
KReclaimable:    2243900 kB
Slab:            2517172 kB
SReclaimable:    2243900 kB
SUnreclaim:       273272 kB
KernelStack:       12448 kB
PageTables:        33472 kB
NFS_Unstable:          0 kB
Bounce:                0 kB
WritebackTmp:          0 kB
CommitLimit:    40192284 kB
Committed_AS:    5187488 kB
VmallocTotal:   34359738367 kB
VmallocUsed:       74920 kB
VmallocChunk:          0 kB
Percpu:            29952 kB
HardwareCorrupted:     0 kB
AnonHugePages:         0 kB
ShmemHugePages:        0 kB
ShmemPmdMapped:        0 kB
FileHugePages:         0 kB
FilePmdMapped:         0 kB
HugePages_Total:       0
HugePages_Free:        0
HugePages_Rsvd:        0
HugePages_Surp:        0
Hugepagesize:       2048 kB
Hugetlb:               0 kB
DirectMap4k:      908948 kB
DirectMap2M:    15851520 kB
DirectMap1G:           0 kB

/sys/kernel/mm/transparent_hugepage/enabled: always [madvise] never
/sys/kernel/mm/transparent_hugepage/defrag (defrag/compaction efforts parameter): always defer defer+madvise [madvise] never

Process Memory:
Virtual Size: 6790596K (peak: 6847940K)
Resident Set Size: 401716K (peak: 402936K) (anon: 369656K, file: 32060K, shmem: 0K)
Swapped out: 0K
C-Heap outstanding allocations: 103396K, retained: 164979K
glibc malloc tunables: (default)

/proc/sys/kernel/threads-max (system-wide limit on the number of threads): 127418
/proc/sys/vm/max_map_count (maximum number of memory map areas a process may have): 65530
/proc/sys/kernel/pid_max (system-wide limit on number of process identifiers): 4194304

container (cgroup) information:
container_type: cgroupv1
cpu_cpuset_cpus: 0-23
cpu_memory_nodes: 0-1
active_processor_count: 24
cpu_quota: no quota
cpu_period: 100000
cpu_shares: no shares
memory_limit_in_bytes: unlimited
memory_and_swap_limit_in_bytes: unlimited
memory_soft_limit_in_bytes: unlimited
memory_usage_in_bytes: 9773936 k
memory_max_usage_in_bytes: 14403096 k
kernel_memory_usage_in_bytes: 1558876 k
kernel_memory_max_usage_in_bytes: unlimited
kernel_memory_limit_in_bytes: 4459684 k
maximum number of tasks: unlimited
current number of tasks: 327

Steal ticks since vm start: 0
Steal ticks percentage since vm start:  0.000

CPU: total 24 (initial active 24) (6 cores per cpu, 2 threads per core) family 6 model 44 stepping 2 microcode 0x1f, cx8, cmov, fxsr, ht, mmx, sse, sse2, sse3, ssse3, sse4.1, sse4.2, popcnt, tsc, tscinvbit, aes, clmul, clflush
CPU Model and flags from /proc/cpuinfo:
model name	: Intel(R) Xeon(R) CPU           E5645  @ 2.40GHz
flags		: fpu vme de pse tsc msr pae mce cx8 apic sep mtrr pge mca cmov pat pse36 clflush dts acpi mmx fxsr sse sse2 ht tm pbe syscall nx pdpe1gb rdtscp lm constant_tsc arch_perfmon pebs bts rep_good nopl xtopology nonstop_tsc cpuid aperfmperf pni pclmulqdq dtes64 monitor ds_cpl vmx smx est tm2 ssse3 cx16 xtpr pdcm pcid dca sse4_1 sse4_2 popcnt aes lahf_lm epb pti ssbd ibrs ibpb stibp tpr_shadow vnmi flexpriority ept vpid dtherm ida arat flush_l1d

Online cpus: 0-23
Offline cpus: 24-31
BIOS frequency limitation: 2395000
Frequency switch latency (ns): 10000
Available cpu frequencies: 2395000 2394000 2261000 2128000 1995000 1862000 1729000 1596000 
Current governor: ondemand
Core performance/turbo boost: 1

Memory: 4k page, physical 16386628k(4131848k free), swap 31998972k(31994876k free)
Page Sizes: 4k

vm_info: OpenJDK 64-Bit Server VM (17.0.6+10) for linux-amd64 JRE (17.0.6+10), built on Jan 17 2023 00:00:00 by "temurin" with gcc 10.3.0

END.
